Using pre-set license
Built from '2020.3/staging' branch; Version is '2020.3.18f1 (a7d1c678663c) revision 10998214'; Using compiler version '192528614'; Build Type 'Release'
OS: 'Windows 10 Pro; OS build 19044.1706; Version 2009; 64bit' Language: 'en' Physical Memory: 32711 MB
BatchMode: 1, IsHumanControllingUs: 0, StartBugReporterOnCrash: 0, Is64bit: 1, IsPro: 0

COMMAND LINE ARGUMENTS:
D:\Unity\Unity Engine Installs\2020.3.18f1\Editor\Unity.exe
-adb2
-batchMode
-noUpm
-name
AssetImportWorker0
-projectPath
D:/HANjfklasjdslk/Github/Platfomer_Game/PLatformerGame
-logFile
Logs/AssetImportWorker0.log
-srvPort
65176
Successfully changed project path to: D:/HANjfklasjdslk/Github/Platfomer_Game/PLatformerGame
D:/HANjfklasjdslk/Github/Platfomer_Game/PLatformerGame
Using Asset Import Pipeline V2.
Refreshing native plugins compatible for Editor in 62.78 ms, found 3 plugins.
Preloading 0 native plugins for Editor in 0.00 ms.
Initialize engine version: 2020.3.18f1 (a7d1c678663c)
[Subsystems] Discovering subsystems at path D:/Unity/Unity Engine Installs/2020.3.18f1/Editor/Data/Resources/UnitySubsystems
[Subsystems] Discovering subsystems at path D:/HANjfklasjdslk/Github/Platfomer_Game/PLatformerGame/Assets
GfxDevice: creating device client; threaded=0
Direct3D:
    Version:  Direct3D 11.0 [level 11.1]
    Renderer: NVIDIA RTX A4000 (ID=0x24b0)
    Vendor:   
    VRAM:     16193 MB
    Driver:   30.0.14.7239
Initialize mono
Mono path[0] = 'D:/Unity/Unity Engine Installs/2020.3.18f1/Editor/Data/Managed'
Mono path[1] = 'D:/Unity/Unity Engine Installs/2020.3.18f1/Editor/Data/MonoBleedingEdge/lib/mono/unityjit'
Mono config path = 'D:/Unity/Unity Engine Installs/2020.3.18f1/Editor/Data/MonoBleedingEdge/etc'
Using monoOptions --debugger-agent=transport=dt_socket,embedding=1,server=y,suspend=n,address=127.0.0.1:56732
Begin MonoManager ReloadAssembly
Registering precompiled unity dll's ...
Register platform support module: D:/Unity/Unity Engine Installs/2020.3.18f1/Editor/Data/PlaybackEngines/WindowsStandaloneSupport/UnityEditor.WindowsStandalone.Extensions.dll
Registered in 0.005047 seconds.
Native extension for WindowsStandalone target not found
Refreshing native plugins compatible for Editor in 63.54 ms, found 3 plugins.
Preloading 0 native plugins for Editor in 0.00 ms.
Mono: successfully reloaded assembly
- Completed reload, in  2.687 seconds
Domain Reload Profiling:
	ReloadAssembly (2687ms)
		BeginReloadAssembly (124ms)
			ExecutionOrderSort (0ms)
			DisableScriptedObjects (0ms)
			BackupInstance (0ms)
			ReleaseScriptingObjects (0ms)
			CreateAndSetChildDomain (1ms)
		EndReloadAssembly (450ms)
			LoadAssemblies (122ms)
			RebuildTransferFunctionScriptingTraits (0ms)
			SetupTypeCache (153ms)
			ReleaseScriptCaches (0ms)
			RebuildScriptCaches (30ms)
			SetupLoadedEditorAssemblies (182ms)
				LogAssemblyErrors (0ms)
				InitializePlatformSupportModulesInManaged (4ms)
				SetLoadedEditorAssemblies (0ms)
				RefreshPlugins (64ms)
				BeforeProcessingInitializeOnLoad (15ms)
				ProcessInitializeOnLoadAttributes (71ms)
				ProcessInitializeOnLoadMethodAttributes (28ms)
				AfterProcessingInitializeOnLoad (0ms)
				EditorAssembliesLoaded (0ms)
			ExecutionOrderSort2 (0ms)
			AwakeInstancesAfterBackupRestoration (0ms)
Platform modules already initialized, skipping
Registering precompiled user dll's ...
Registered in 0.008078 seconds.
Begin MonoManager ReloadAssembly
Symbol file data-000001F1F23A7020 doesn't match image D:\HANjfklasjdslk\Github\Platfomer_Game\PLatformerGame\Library\ScriptAssemblies\Unity.2D.Animation.Editor.dll
Symbol file LoadedFromMemory is not a mono symbol file
Symbol file data-000001F1F2439BD0 doesn't match image D:\HANjfklasjdslk\Github\Platfomer_Game\PLatformerGame\Library\ScriptAssemblies\Unity.InternalAPIEngineBridge.001.dll
Symbol file LoadedFromMemory is not a mono symbol file
Symbol file data-000001F1F2804D20 doesn't match image D:\HANjfklasjdslk\Github\Platfomer_Game\PLatformerGame\Library\ScriptAssemblies\Unity.VSCode.Editor.dll
Symbol file LoadedFromMemory is not a mono symbol file
Symbol file data-000001F1F7FD2040 doesn't match image D:\HANjfklasjdslk\Github\Platfomer_Game\PLatformerGame\Library\ScriptAssemblies\Unity.2D.PixelPerfect.dll
Symbol file LoadedFromMemory is not a mono symbol file
Symbol file data-000001F1F2513830 doesn't match image D:\HANjfklasjdslk\Github\Platfomer_Game\PLatformerGame\Library\ScriptAssemblies\Unity.2D.Tilemap.Editor.dll
Symbol file LoadedFromMemory is not a mono symbol file
Symbol file data-000001F1F8094440 doesn't match image D:\HANjfklasjdslk\Github\Platfomer_Game\PLatformerGame\Library\ScriptAssemblies\PsdPlugin.dll
Symbol file LoadedFromMemory is not a mono symbol file
Symbol file data-000001F1F8511220 doesn't match image D:\HANjfklasjdslk\Github\Platfomer_Game\PLatformerGame\Library\ScriptAssemblies\Unity.TextMeshPro.Editor.dll
Symbol file LoadedFromMemory is not a mono symbol file
Symbol file data-000001F1F68F9040 doesn't match image D:\HANjfklasjdslk\Github\Platfomer_Game\PLatformerGame\Library\ScriptAssemblies\Unity.VisualStudio.Editor.dll
Symbol file LoadedFromMemory is not a mono symbol file
Symbol file data-000001F1F6EA9230 doesn't match image D:\HANjfklasjdslk\Github\Platfomer_Game\PLatformerGame\Library\ScriptAssemblies\UnityEngine.TestRunner.dll
Symbol file LoadedFromMemory is not a mono symbol file
Symbol file data-000001F1F2513830 doesn't match image D:\HANjfklasjdslk\Github\Platfomer_Game\PLatformerGame\Library\ScriptAssemblies\Unity.Timeline.dll
Symbol file LoadedFromMemory is not a mono symbol file
Symbol file data-000001F1F6FB0010 doesn't match image D:\HANjfklasjdslk\Github\Platfomer_Game\PLatformerGame\Library\ScriptAssemblies\Unity.TextMeshPro.dll
Symbol file LoadedFromMemory is not a mono symbol file
Symbol file data-000001F1F74A2E30 doesn't match image D:\HANjfklasjdslk\Github\Platfomer_Game\PLatformerGame\Library\ScriptAssemblies\UnityEditor.TestRunner.dll
Symbol file LoadedFromMemory is not a mono symbol file
Symbol file data-000001F1F2794F60 doesn't match image D:\HANjfklasjdslk\Github\Platfomer_Game\PLatformerGame\Library\ScriptAssemblies\Unity.2D.IK.Editor.dll
Symbol file LoadedFromMemory is not a mono symbol file
Symbol file data-000001F1F72C89B0 doesn't match image D:\HANjfklasjdslk\Github\Platfomer_Game\PLatformerGame\Library\ScriptAssemblies\Unity.2D.Sprite.Editor.dll
Symbol file LoadedFromMemory is not a mono symbol file
Symbol file data-000001F1F68F9040 doesn't match image D:\HANjfklasjdslk\Github\Platfomer_Game\PLatformerGame\Library\ScriptAssemblies\Unity.2D.Psdimporter.Editor.dll
Symbol file LoadedFromMemory is not a mono symbol file
Symbol file data-000001F1F82DC030 doesn't match image D:\HANjfklasjdslk\Github\Platfomer_Game\PLatformerGame\Library\ScriptAssemblies\Unity.2D.Path.Editor.dll
Symbol file LoadedFromMemory is not a mono symbol file
Symbol file data-000001F1F2806D30 doesn't match image D:\HANjfklasjdslk\Github\Platfomer_Game\PLatformerGame\Library\ScriptAssemblies\Unity.InternalAPIEditorBridge.001.dll
Symbol file LoadedFromMemory is not a mono symbol file
Symbol file data-000001F1F68F9040 doesn't match image D:\HANjfklasjdslk\Github\Platfomer_Game\PLatformerGame\Library\ScriptAssemblies\UnityEditor.UI.dll
Symbol file LoadedFromMemory is not a mono symbol file
Symbol file data-000001F1F6C68010 doesn't match image D:\HANjfklasjdslk\Github\Platfomer_Game\PLatformerGame\Library\ScriptAssemblies\Unity.PlasticSCM.Editor.dll
Symbol file LoadedFromMemory is not a mono symbol file
Symbol file data-000001F1F68F9040 doesn't match image D:\HANjfklasjdslk\Github\Platfomer_Game\PLatformerGame\Library\ScriptAssemblies\Unity.Rider.Editor.dll
Symbol file LoadedFromMemory is not a mono symbol file
Symbol file data-000001F1F6CBC010 doesn't match image D:\HANjfklasjdslk\Github\Platfomer_Game\PLatformerGame\Library\ScriptAssemblies\UnityEngine.UI.dll
Symbol file LoadedFromMemory is not a mono symbol file
Symbol file data-000001F1F2636C40 doesn't match image D:\HANjfklasjdslk\Github\Platfomer_Game\PLatformerGame\Library\ScriptAssemblies\Unity.Mathematics.dll
Symbol file LoadedFromMemory is not a mono symbol file
Symbol file data-000001F1F68FD850 doesn't match image D:\HANjfklasjdslk\Github\Platfomer_Game\PLatformerGame\Library\ScriptAssemblies\Unity.2D.IK.Runtime.dll
Symbol file LoadedFromMemory is not a mono symbol file
Symbol file data-000001F1F6E34A30 doesn't match image D:\HANjfklasjdslk\Github\Platfomer_Game\PLatformerGame\Library\ScriptAssemblies\Cinemachine.dll
Symbol file LoadedFromMemory is not a mono symbol file
Symbol file data-000001F1F23CBC30 doesn't match image D:\HANjfklasjdslk\Github\Platfomer_Game\PLatformerGame\Library\ScriptAssemblies\com.unity.cinemachine.editor.dll
Symbol file LoadedFromMemory is not a mono symbol file
Symbol file data-000001F1F6E34A30 doesn't match image D:\HANjfklasjdslk\Github\Platfomer_Game\PLatformerGame\Library\ScriptAssemblies\Unity.2D.Animation.Triangle.Runtime.dll
Symbol file LoadedFromMemory is not a mono symbol file
Symbol file data-000001F1F6F9A030 doesn't match image D:\HANjfklasjdslk\Github\Platfomer_Game\PLatformerGame\Library\ScriptAssemblies\Unity.2D.Animation.Runtime.dll
Symbol file LoadedFromMemory is not a mono symbol file
Symbol file data-000001F1F25F2650 doesn't match image D:\HANjfklasjdslk\Github\Platfomer_Game\PLatformerGame\Library\ScriptAssemblies\Unity.2D.PixelPerfect.Editor.dll
Symbol file LoadedFromMemory is not a mono symbol file
Symbol file data-000001F1F712B010 doesn't match image D:\HANjfklasjdslk\Github\Platfomer_Game\PLatformerGame\Library\ScriptAssemblies\Unity.Timeline.Editor.dll
Symbol file LoadedFromMemory is not a mono symbol file
Symbol file data-000001F1F6EA9230 doesn't match image D:\HANjfklasjdslk\Github\Platfomer_Game\PLatformerGame\Library\ScriptAssemblies\Unity.CollabProxy.Editor.dll
Symbol file LoadedFromMemory is not a mono symbol file
Symbol file data-000001F1F763E140 doesn't match image D:\HANjfklasjdslk\Github\Platfomer_Game\PLatformerGame\Library\ScriptAssemblies\Unity.Mathematics.Editor.dll
Symbol file LoadedFromMemory is not a mono symbol file
Symbol file data-000001F1F843A230 doesn't match image D:\HANjfklasjdslk\Github\Platfomer_Game\PLatformerGame\Library\ScriptAssemblies\Unity.2D.Common.Runtime.dll
Symbol file LoadedFromMemory is not a mono symbol file
Symbol file data-000001F1F82DC030 doesn't match image D:\HANjfklasjdslk\Github\Platfomer_Game\PLatformerGame\Library\ScriptAssemblies\Unity.2D.SpriteShape.Editor.dll
Symbol file LoadedFromMemory is not a mono symbol file
Symbol file data-000001F1F26CC420 doesn't match image D:\HANjfklasjdslk\Github\Platfomer_Game\PLatformerGame\Library\ScriptAssemblies\Unity.2D.Common.Editor.dll
Symbol file LoadedFromMemory is not a mono symbol file
Symbol file data-000001F1F2513830 doesn't match image D:\HANjfklasjdslk\Github\Platfomer_Game\PLatformerGame\Library\ScriptAssemblies\Unity.2D.SpriteShape.Runtime.dll
Symbol file LoadedFromMemory is not a mono symbol file
Native extension for WindowsStandalone target not found
Refreshing native plugins compatible for Editor in 68.09 ms, found 3 plugins.
Preloading 0 native plugins for Editor in 0.00 ms.
Mono: successfully reloaded assembly
- Completed reload, in  1.358 seconds
Domain Reload Profiling:
	ReloadAssembly (1360ms)
		BeginReloadAssembly (208ms)
			ExecutionOrderSort (0ms)
			DisableScriptedObjects (4ms)
			BackupInstance (0ms)
			ReleaseScriptingObjects (0ms)
			CreateAndSetChildDomain (17ms)
		EndReloadAssembly (1076ms)
			LoadAssemblies (181ms)
			RebuildTransferFunctionScriptingTraits (0ms)
			SetupTypeCache (330ms)
			ReleaseScriptCaches (0ms)
			RebuildScriptCaches (54ms)
			SetupLoadedEditorAssemblies (432ms)
				LogAssemblyErrors (0ms)
				InitializePlatformSupportModulesInManaged (4ms)
				SetLoadedEditorAssemblies (0ms)
				RefreshPlugins (68ms)
				BeforeProcessingInitializeOnLoad (108ms)
				ProcessInitializeOnLoadAttributes (214ms)
				ProcessInitializeOnLoadMethodAttributes (17ms)
				AfterProcessingInitializeOnLoad (20ms)
				EditorAssembliesLoaded (0ms)
			ExecutionOrderSort2 (0ms)
			AwakeInstancesAfterBackupRestoration (6ms)
Platform modules already initialized, skipping
========================================================================
Worker process is ready to serve import requests
Launched and connected shader compiler UnityShaderCompiler.exe after 0.05 seconds
Refreshing native plugins compatible for Editor in 0.65 ms, found 3 plugins.
Preloading 0 native plugins for Editor in 0.00 ms.
Unloading 2300 Unused Serialized files (Serialized files now loaded: 0)
System memory in use before: 104.1 MB.
System memory in use after: 104.2 MB.

Unloading 26 unused Assets to reduce memory usage. Loaded Objects now: 2739.
Total: 3.324000 ms (FindLiveObjects: 0.309700 ms CreateObjectMapping: 0.127800 ms MarkObjects: 2.811400 ms  DeleteObjects: 0.073700 ms)

AssetImportParameters requested are different than current active one (requested -> active):
  custom:framework-win-MediaFoundation: 216162199b28c13a410421893ffa2e32 -> 
  custom:video-decoder-ogg-theora: a1e56fd34408186e4bbccfd4996cb3dc -> 
  custom:container-muxer-webm: aa71ff27fc2769a1b78a27578f13a17b -> 
  custom:container-demuxer-webm: 4f35f7cbe854078d1ac9338744f61a02 -> 
  custom:container-demuxer-ogg: 62fdf1f143b41e24485cea50d1cbac27 -> 
  custom:video-encoder-webm-vp8: eb34c28f22e8b96e1ab97ce403110664 -> 
  custom:video-decoder-webm-vp8: 9c59270c3fd7afecdb556c50c9e8de78 -> 
  custom:audio-decoder-ogg-vorbis: bf7c407c2cedff20999df2af8eb42d56 -> 
  custom:audio-encoder-webm-vorbis: bf7c407c2cedff20999df2af8eb42d56 -> 
========================================================================
Received Import Request.
  path: Assets/Scripts/CharacterController2D.cs
  artifactKey: Guid(eff1c616a773ca64abf362b65e0b3a6c) Importer(815301076,1909f56bfc062723c751e8b465ee728b)
Start importing Assets/Scripts/CharacterController2D.cs using Guid(eff1c616a773ca64abf362b65e0b3a6c) Importer(815301076,1909f56bfc062723c751e8b465ee728b)  -> (artifact id: '18a881889bf291faad3636940ae1d80f') in 0.029905 seconds 
  Import took 0.033517 seconds .

========================================================================
Received Prepare
Refreshing native plugins compatible for Editor in 8.22 ms, found 3 plugins.
Preloading 0 native plugins for Editor in 0.00 ms.
Unloading 12 Unused Serialized files (Serialized files now loaded: 0)
System memory in use before: 57.0 MB.
System memory in use after: 57.2 MB.

Unloading 12 unused Assets to reduce memory usage. Loaded Objects now: 2739.
Total: 2.715900 ms (FindLiveObjects: 0.190600 ms CreateObjectMapping: 0.081400 ms MarkObjects: 2.431600 ms  DeleteObjects: 0.011700 ms)

AssetImportParameters requested are different than current active one (requested -> active):
  custom:framework-win-MediaFoundation: 216162199b28c13a410421893ffa2e32 -> 
  custom:video-decoder-ogg-theora: a1e56fd34408186e4bbccfd4996cb3dc -> 
  custom:container-muxer-webm: aa71ff27fc2769a1b78a27578f13a17b -> 
  custom:container-demuxer-webm: 4f35f7cbe854078d1ac9338744f61a02 -> 
  custom:container-demuxer-ogg: 62fdf1f143b41e24485cea50d1cbac27 -> 
  custom:video-encoder-webm-vp8: eb34c28f22e8b96e1ab97ce403110664 -> 
  custom:video-decoder-webm-vp8: 9c59270c3fd7afecdb556c50c9e8de78 -> 
  custom:audio-decoder-ogg-vorbis: bf7c407c2cedff20999df2af8eb42d56 -> 
  custom:audio-encoder-webm-vorbis: bf7c407c2cedff20999df2af8eb42d56 -> 
========================================================================
Received Prepare
Registering precompiled user dll's ...
Registered in 0.008943 seconds.
Begin MonoManager ReloadAssembly
Symbol file data-000001F1FB4C3BC0 doesn't match image D:\HANjfklasjdslk\Github\Platfomer_Game\PLatformerGame\Library\ScriptAssemblies\Unity.2D.Animation.Editor.dll
Symbol file LoadedFromMemory is not a mono symbol file
Symbol file data-000001F1F2439BD0 doesn't match image D:\HANjfklasjdslk\Github\Platfomer_Game\PLatformerGame\Library\ScriptAssemblies\Unity.InternalAPIEngineBridge.001.dll
Symbol file LoadedFromMemory is not a mono symbol file
Symbol file data-000001F1F2682FE0 doesn't match image D:\HANjfklasjdslk\Github\Platfomer_Game\PLatformerGame\Library\ScriptAssemblies\Unity.VSCode.Editor.dll
Symbol file LoadedFromMemory is not a mono symbol file
Symbol file data-000001F1FA93E030 doesn't match image D:\HANjfklasjdslk\Github\Platfomer_Game\PLatformerGame\Library\ScriptAssemblies\Unity.2D.PixelPerfect.dll
Symbol file LoadedFromMemory is not a mono symbol file
Symbol file data-000001F1F23DE960 doesn't match image D:\HANjfklasjdslk\Github\Platfomer_Game\PLatformerGame\Library\ScriptAssemblies\Unity.2D.Tilemap.Editor.dll
Symbol file LoadedFromMemory is not a mono symbol file
Symbol file data-000001F1F8CC7020 doesn't match image D:\HANjfklasjdslk\Github\Platfomer_Game\PLatformerGame\Library\ScriptAssemblies\PsdPlugin.dll
Symbol file LoadedFromMemory is not a mono symbol file
Symbol file data-000001F1FB2EB050 doesn't match image D:\HANjfklasjdslk\Github\Platfomer_Game\PLatformerGame\Library\ScriptAssemblies\Unity.TextMeshPro.Editor.dll
Symbol file LoadedFromMemory is not a mono symbol file
Symbol file data-000001F1F9D7F9D0 doesn't match image D:\HANjfklasjdslk\Github\Platfomer_Game\PLatformerGame\Library\ScriptAssemblies\Unity.VisualStudio.Editor.dll
Symbol file LoadedFromMemory is not a mono symbol file
Symbol file data-000001F1F83ED3F0 doesn't match image D:\HANjfklasjdslk\Github\Platfomer_Game\PLatformerGame\Library\ScriptAssemblies\UnityEngine.TestRunner.dll
Symbol file LoadedFromMemory is not a mono symbol file
Symbol file data-000001F1F23DE960 doesn't match image D:\HANjfklasjdslk\Github\Platfomer_Game\PLatformerGame\Library\ScriptAssemblies\Unity.Timeline.dll
Symbol file LoadedFromMemory is not a mono symbol file
Symbol file data-000001F1FB5B8030 doesn't match image D:\HANjfklasjdslk\Github\Platfomer_Game\PLatformerGame\Library\ScriptAssemblies\Unity.TextMeshPro.dll
Symbol file LoadedFromMemory is not a mono symbol file
Symbol file data-000001F1F9F3D020 doesn't match image D:\HANjfklasjdslk\Github\Platfomer_Game\PLatformerGame\Library\ScriptAssemblies\UnityEditor.TestRunner.dll
Symbol file LoadedFromMemory is not a mono symbol file
Symbol file data-000001F1F7225030 doesn't match image D:\HANjfklasjdslk\Github\Platfomer_Game\PLatformerGame\Library\ScriptAssemblies\Unity.2D.IK.Editor.dll
Symbol file LoadedFromMemory is not a mono symbol file
Symbol file data-000001F1F8521630 doesn't match image D:\HANjfklasjdslk\Github\Platfomer_Game\PLatformerGame\Library\ScriptAssemblies\Unity.2D.Sprite.Editor.dll
Symbol file LoadedFromMemory is not a mono symbol file
Symbol file data-000001F1F9D7F9D0 doesn't match image D:\HANjfklasjdslk\Github\Platfomer_Game\PLatformerGame\Library\ScriptAssemblies\Unity.2D.Psdimporter.Editor.dll
Symbol file LoadedFromMemory is not a mono symbol file
Symbol file data-000001F1F2ADE6F0 doesn't match image D:\HANjfklasjdslk\Github\Platfomer_Game\PLatformerGame\Library\ScriptAssemblies\Unity.2D.Path.Editor.dll
Symbol file LoadedFromMemory is not a mono symbol file
Symbol file data-000001F1FB4F31D0 doesn't match image D:\HANjfklasjdslk\Github\Platfomer_Game\PLatformerGame\Library\ScriptAssemblies\Unity.InternalAPIEditorBridge.001.dll
Symbol file LoadedFromMemory is not a mono symbol file
Symbol file data-000001F1F9D7F9D0 doesn't match image D:\HANjfklasjdslk\Github\Platfomer_Game\PLatformerGame\Library\ScriptAssemblies\UnityEditor.UI.dll
Symbol file LoadedFromMemory is not a mono symbol file
Symbol file data-000001F1F24B19F0 doesn't match image D:\HANjfklasjdslk\Github\Platfomer_Game\PLatformerGame\Library\ScriptAssemblies\Unity.PlasticSCM.Editor.dll
Symbol file LoadedFromMemory is not a mono symbol file
Symbol file data-000001F1F9D7F9D0 doesn't match image D:\HANjfklasjdslk\Github\Platfomer_Game\PLatformerGame\Library\ScriptAssemblies\Unity.Rider.Editor.dll
Symbol file LoadedFromMemory is not a mono symbol file
Symbol file data-000001F1FC534B70 doesn't match image D:\HANjfklasjdslk\Github\Platfomer_Game\PLatformerGame\Library\ScriptAssemblies\UnityEngine.UI.dll
Symbol file LoadedFromMemory is not a mono symbol file
Symbol file data-000001F1F2636C40 doesn't match image D:\HANjfklasjdslk\Github\Platfomer_Game\PLatformerGame\Library\ScriptAssemblies\Unity.Mathematics.dll
Symbol file LoadedFromMemory is not a mono symbol file
Symbol file data-000001F1F6861E40 doesn't match image D:\HANjfklasjdslk\Github\Platfomer_Game\PLatformerGame\Library\ScriptAssemblies\Unity.2D.IK.Runtime.dll
Symbol file LoadedFromMemory is not a mono symbol file
Symbol file data-000001F1FC534B70 doesn't match image D:\HANjfklasjdslk\Github\Platfomer_Game\PLatformerGame\Library\ScriptAssemblies\Cinemachine.dll
Symbol file LoadedFromMemory is not a mono symbol file
Symbol file data-000001F1F8521630 doesn't match image D:\HANjfklasjdslk\Github\Platfomer_Game\PLatformerGame\Library\ScriptAssemblies\com.unity.cinemachine.editor.dll
Symbol file LoadedFromMemory is not a mono symbol file
Symbol file data-000001F1FC534B70 doesn't match image D:\HANjfklasjdslk\Github\Platfomer_Game\PLatformerGame\Library\ScriptAssemblies\Unity.2D.Animation.Triangle.Runtime.dll
Symbol file LoadedFromMemory is not a mono symbol file
Symbol file data-000001F1FBACB640 doesn't match image D:\HANjfklasjdslk\Github\Platfomer_Game\PLatformerGame\Library\ScriptAssemblies\Unity.2D.Animation.Runtime.dll
Symbol file LoadedFromMemory is not a mono symbol file
Symbol file data-000001F1F2B3A280 doesn't match image D:\HANjfklasjdslk\Github\Platfomer_Game\PLatformerGame\Library\ScriptAssemblies\Unity.2D.PixelPerfect.Editor.dll
Symbol file LoadedFromMemory is not a mono symbol file
Symbol file data-000001F1F6FB0010 doesn't match image D:\HANjfklasjdslk\Github\Platfomer_Game\PLatformerGame\Library\ScriptAssemblies\Unity.Timeline.Editor.dll
Symbol file LoadedFromMemory is not a mono symbol file
Symbol file data-000001F1F7E47620 doesn't match image D:\HANjfklasjdslk\Github\Platfomer_Game\PLatformerGame\Library\ScriptAssemblies\Unity.CollabProxy.Editor.dll
Symbol file LoadedFromMemory is not a mono symbol file
Symbol file data-000001F1FA93E030 doesn't match image D:\HANjfklasjdslk\Github\Platfomer_Game\PLatformerGame\Library\ScriptAssemblies\Unity.Mathematics.Editor.dll
Symbol file LoadedFromMemory is not a mono symbol file
Symbol file data-000001F1F843AD10 doesn't match image D:\HANjfklasjdslk\Github\Platfomer_Game\PLatformerGame\Library\ScriptAssemblies\Unity.2D.Common.Runtime.dll
Symbol file LoadedFromMemory is not a mono symbol file
Symbol file data-000001F1F6FEA430 doesn't match image D:\HANjfklasjdslk\Github\Platfomer_Game\PLatformerGame\Library\ScriptAssemblies\Unity.2D.SpriteShape.Editor.dll
Symbol file LoadedFromMemory is not a mono symbol file
Symbol file data-000001F1F2682FE0 doesn't match image D:\HANjfklasjdslk\Github\Platfomer_Game\PLatformerGame\Library\ScriptAssemblies\Unity.2D.Common.Editor.dll
Symbol file LoadedFromMemory is not a mono symbol file
Symbol file data-000001F1F23DE960 doesn't match image D:\HANjfklasjdslk\Github\Platfomer_Game\PLatformerGame\Library\ScriptAssemblies\Unity.2D.SpriteShape.Runtime.dll
Symbol file LoadedFromMemory is not a mono symbol file
Native extension for WindowsStandalone target not found
Refreshing native plugins compatible for Editor in 0.61 ms, found 3 plugins.
Preloading 0 native plugins for Editor in 0.00 ms.
Mono: successfully reloaded assembly
- Completed reload, in  1.121 seconds
Domain Reload Profiling:
	ReloadAssembly (1122ms)
		BeginReloadAssembly (188ms)
			ExecutionOrderSort (0ms)
			DisableScriptedObjects (5ms)
			BackupInstance (0ms)
			ReleaseScriptingObjects (0ms)
			CreateAndSetChildDomain (31ms)
		EndReloadAssembly (862ms)
			LoadAssemblies (186ms)
			RebuildTransferFunctionScriptingTraits (0ms)
			SetupTypeCache (275ms)
			ReleaseScriptCaches (1ms)
			RebuildScriptCaches (38ms)
			SetupLoadedEditorAssemblies (317ms)
				LogAssemblyErrors (0ms)
				InitializePlatformSupportModulesInManaged (5ms)
				SetLoadedEditorAssemblies (0ms)
				RefreshPlugins (1ms)
				BeforeProcessingInitializeOnLoad (102ms)
				ProcessInitializeOnLoadAttributes (188ms)
				ProcessInitializeOnLoadMethodAttributes (6ms)
				AfterProcessingInitializeOnLoad (15ms)
				EditorAssembliesLoaded (0ms)
			ExecutionOrderSort2 (0ms)
			AwakeInstancesAfterBackupRestoration (8ms)
Platform modules already initialized, skipping
Refreshing native plugins compatible for Editor in 0.62 ms, found 3 plugins.
Preloading 0 native plugins for Editor in 0.00 ms.
Unloading 2274 Unused Serialized files (Serialized files now loaded: 0)
System memory in use before: 102.1 MB.
System memory in use after: 102.3 MB.

Unloading 15 unused Assets to reduce memory usage. Loaded Objects now: 2742.
Total: 2.884100 ms (FindLiveObjects: 0.186400 ms CreateObjectMapping: 0.082900 ms MarkObjects: 2.594200 ms  DeleteObjects: 0.019700 ms)

AssetImportParameters requested are different than current active one (requested -> active):
  custom:framework-win-MediaFoundation: 216162199b28c13a410421893ffa2e32 -> 
  custom:video-decoder-ogg-theora: a1e56fd34408186e4bbccfd4996cb3dc -> 
  custom:container-muxer-webm: aa71ff27fc2769a1b78a27578f13a17b -> 
  custom:container-demuxer-webm: 4f35f7cbe854078d1ac9338744f61a02 -> 
  custom:container-demuxer-ogg: 62fdf1f143b41e24485cea50d1cbac27 -> 
  custom:video-encoder-webm-vp8: eb34c28f22e8b96e1ab97ce403110664 -> 
  custom:video-decoder-webm-vp8: 9c59270c3fd7afecdb556c50c9e8de78 -> 
  custom:audio-decoder-ogg-vorbis: bf7c407c2cedff20999df2af8eb42d56 -> 
  custom:audio-encoder-webm-vorbis: bf7c407c2cedff20999df2af8eb42d56 -> 
========================================================================
Received Import Request.
  Time since last request: 194.297791 seconds.
  path: Assets/Animator/Little red.controller
  artifactKey: Guid(4fd6e7bf02e990f4d948823b889e2cfb) Importer(815301076,1909f56bfc062723c751e8b465ee728b)
Start importing Assets/Animator/Little red.controller using Guid(4fd6e7bf02e990f4d948823b889e2cfb) Importer(815301076,1909f56bfc062723c751e8b465ee728b)  -> (artifact id: '1a2a52b35d1010ad9a2a67272cc8537d') in 0.050203 seconds 
  Import took 0.053582 seconds .

========================================================================
Received Import Request.
  Time since last request: 0.013759 seconds.
  path: Assets/Animator/Little red.controller
  artifactKey: Guid(4fd6e7bf02e990f4d948823b889e2cfb) Importer(815301076,1909f56bfc062723c751e8b465ee728b)
Start importing Assets/Animator/Little red.controller using Guid(4fd6e7bf02e990f4d948823b889e2cfb) Importer(815301076,1909f56bfc062723c751e8b465ee728b)  -> (artifact id: '1a2a52b35d1010ad9a2a67272cc8537d') in 0.014359 seconds 
  Import took 0.017931 seconds .

========================================================================
Received Prepare
Registering precompiled user dll's ...
Registered in 0.007776 seconds.
Begin MonoManager ReloadAssembly
Symbol file data-000001F1F24B19F0 doesn't match image D:\HANjfklasjdslk\Github\Platfomer_Game\PLatformerGame\Library\ScriptAssemblies\Unity.2D.Animation.Editor.dll
Symbol file LoadedFromMemory is not a mono symbol file
Symbol file data-000001F1F88DB650 doesn't match image D:\HANjfklasjdslk\Github\Platfomer_Game\PLatformerGame\Library\ScriptAssemblies\Unity.InternalAPIEngineBridge.001.dll
Symbol file LoadedFromMemory is not a mono symbol file
Symbol file data-000001F1F2682FE0 doesn't match image D:\HANjfklasjdslk\Github\Platfomer_Game\PLatformerGame\Library\ScriptAssemblies\Unity.VSCode.Editor.dll
Symbol file LoadedFromMemory is not a mono symbol file
Symbol file data-000001F1F6AD0820 doesn't match image D:\HANjfklasjdslk\Github\Platfomer_Game\PLatformerGame\Library\ScriptAssemblies\Unity.2D.PixelPerfect.dll
Symbol file LoadedFromMemory is not a mono symbol file
Symbol file data-000001F1F8CC7020 doesn't match image D:\HANjfklasjdslk\Github\Platfomer_Game\PLatformerGame\Library\ScriptAssemblies\Unity.2D.Tilemap.Editor.dll
Symbol file LoadedFromMemory is not a mono symbol file
Symbol file data-000001F1FBAC6830 doesn't match image D:\HANjfklasjdslk\Github\Platfomer_Game\PLatformerGame\Library\ScriptAssemblies\PsdPlugin.dll
Symbol file LoadedFromMemory is not a mono symbol file
Symbol file data-000001F1FC9983F0 doesn't match image D:\HANjfklasjdslk\Github\Platfomer_Game\PLatformerGame\Library\ScriptAssemblies\Unity.TextMeshPro.Editor.dll
Symbol file LoadedFromMemory is not a mono symbol file
Symbol file data-000001F1FB8481D0 doesn't match image D:\HANjfklasjdslk\Github\Platfomer_Game\PLatformerGame\Library\ScriptAssemblies\Unity.VisualStudio.Editor.dll
Symbol file LoadedFromMemory is not a mono symbol file
Symbol file data-000001F1FC4BCC60 doesn't match image D:\HANjfklasjdslk\Github\Platfomer_Game\PLatformerGame\Library\ScriptAssemblies\UnityEngine.TestRunner.dll
Symbol file LoadedFromMemory is not a mono symbol file
Symbol file data-000001F1F8CC7020 doesn't match image D:\HANjfklasjdslk\Github\Platfomer_Game\PLatformerGame\Library\ScriptAssemblies\Unity.Timeline.dll
Symbol file LoadedFromMemory is not a mono symbol file
Symbol file data-000001F1F6E84010 doesn't match image D:\HANjfklasjdslk\Github\Platfomer_Game\PLatformerGame\Library\ScriptAssemblies\Unity.TextMeshPro.dll
Symbol file LoadedFromMemory is not a mono symbol file
Symbol file data-000001F1F276D010 doesn't match image D:\HANjfklasjdslk\Github\Platfomer_Game\PLatformerGame\Library\ScriptAssemblies\UnityEditor.TestRunner.dll
Symbol file LoadedFromMemory is not a mono symbol file
Symbol file data-000001F1FBF9E510 doesn't match image D:\HANjfklasjdslk\Github\Platfomer_Game\PLatformerGame\Library\ScriptAssemblies\Unity.2D.IK.Editor.dll
Symbol file LoadedFromMemory is not a mono symbol file
Symbol file data-000001F1FC97A040 doesn't match image D:\HANjfklasjdslk\Github\Platfomer_Game\PLatformerGame\Library\ScriptAssemblies\Unity.2D.Sprite.Editor.dll
Symbol file LoadedFromMemory is not a mono symbol file
Symbol file data-000001F1FB8481D0 doesn't match image D:\HANjfklasjdslk\Github\Platfomer_Game\PLatformerGame\Library\ScriptAssemblies\Unity.2D.Psdimporter.Editor.dll
Symbol file LoadedFromMemory is not a mono symbol file
Symbol file data-000001F1FB82E960 doesn't match image D:\HANjfklasjdslk\Github\Platfomer_Game\PLatformerGame\Library\ScriptAssemblies\Unity.2D.Path.Editor.dll
Symbol file LoadedFromMemory is not a mono symbol file
Symbol file data-000001F1FC30C220 doesn't match image D:\HANjfklasjdslk\Github\Platfomer_Game\PLatformerGame\Library\ScriptAssemblies\Unity.InternalAPIEditorBridge.001.dll
Symbol file LoadedFromMemory is not a mono symbol file
Symbol file data-000001F1FB8481D0 doesn't match image D:\HANjfklasjdslk\Github\Platfomer_Game\PLatformerGame\Library\ScriptAssemblies\UnityEditor.UI.dll
Symbol file LoadedFromMemory is not a mono symbol file
Symbol file data-000001F1F24B19F0 doesn't match image D:\HANjfklasjdslk\Github\Platfomer_Game\PLatformerGame\Library\ScriptAssemblies\Unity.PlasticSCM.Editor.dll
Symbol file LoadedFromMemory is not a mono symbol file
Symbol file data-000001F1F26C7010 doesn't match image D:\HANjfklasjdslk\Github\Platfomer_Game\PLatformerGame\Library\ScriptAssemblies\Unity.Rider.Editor.dll
Symbol file LoadedFromMemory is not a mono symbol file
Symbol file data-000001F1FCCE2010 doesn't match image D:\HANjfklasjdslk\Github\Platfomer_Game\PLatformerGame\Library\ScriptAssemblies\UnityEngine.UI.dll
Symbol file LoadedFromMemory is not a mono symbol file
Symbol file data-000001F1F2636C40 doesn't match image D:\HANjfklasjdslk\Github\Platfomer_Game\PLatformerGame\Library\ScriptAssemblies\Unity.Mathematics.dll
Symbol file LoadedFromMemory is not a mono symbol file
Symbol file data-000001F1FAD34010 doesn't match image D:\HANjfklasjdslk\Github\Platfomer_Game\PLatformerGame\Library\ScriptAssemblies\Unity.2D.IK.Runtime.dll
Symbol file LoadedFromMemory is not a mono symbol file
Symbol file data-000001F1F7565020 doesn't match image D:\HANjfklasjdslk\Github\Platfomer_Game\PLatformerGame\Library\ScriptAssemblies\Cinemachine.dll
Symbol file LoadedFromMemory is not a mono symbol file
Symbol file data-000001F1FBF55200 doesn't match image D:\HANjfklasjdslk\Github\Platfomer_Game\PLatformerGame\Library\ScriptAssemblies\com.unity.cinemachine.editor.dll
Symbol file LoadedFromMemory is not a mono symbol file
Symbol file data-000001F1F2A1E030 doesn't match image D:\HANjfklasjdslk\Github\Platfomer_Game\PLatformerGame\Library\ScriptAssemblies\Unity.2D.Animation.Triangle.Runtime.dll
Symbol file LoadedFromMemory is not a mono symbol file
Symbol file data-000001F1F28DF020 doesn't match image D:\HANjfklasjdslk\Github\Platfomer_Game\PLatformerGame\Library\ScriptAssemblies\Unity.2D.Animation.Runtime.dll
Symbol file LoadedFromMemory is not a mono symbol file
Symbol file data-000001F1F2B3FD20 doesn't match image D:\HANjfklasjdslk\Github\Platfomer_Game\PLatformerGame\Library\ScriptAssemblies\Unity.2D.PixelPerfect.Editor.dll
Symbol file LoadedFromMemory is not a mono symbol file
Symbol file data-000001F1F6FB0010 doesn't match image D:\HANjfklasjdslk\Github\Platfomer_Game\PLatformerGame\Library\ScriptAssemblies\Unity.Timeline.Editor.dll
Symbol file LoadedFromMemory is not a mono symbol file
Symbol file data-000001F1FC4BCC60 doesn't match image D:\HANjfklasjdslk\Github\Platfomer_Game\PLatformerGame\Library\ScriptAssemblies\Unity.CollabProxy.Editor.dll
Symbol file LoadedFromMemory is not a mono symbol file
Symbol file data-000001F1F9D96020 doesn't match image D:\HANjfklasjdslk\Github\Platfomer_Game\PLatformerGame\Library\ScriptAssemblies\Unity.Mathematics.Editor.dll
Symbol file LoadedFromMemory is not a mono symbol file
Symbol file data-000001F1F843A5D0 doesn't match image D:\HANjfklasjdslk\Github\Platfomer_Game\PLatformerGame\Library\ScriptAssemblies\Unity.2D.Common.Runtime.dll
Symbol file LoadedFromMemory is not a mono symbol file
Symbol file data-000001F1F70A4E20 doesn't match image D:\HANjfklasjdslk\Github\Platfomer_Game\PLatformerGame\Library\ScriptAssemblies\Unity.2D.SpriteShape.Editor.dll
Symbol file LoadedFromMemory is not a mono symbol file
Symbol file data-000001F1FA2ECA30 doesn't match image D:\HANjfklasjdslk\Github\Platfomer_Game\PLatformerGame\Library\ScriptAssemblies\Unity.2D.Common.Editor.dll
Symbol file LoadedFromMemory is not a mono symbol file
Symbol file data-000001F1F8CC7020 doesn't match image D:\HANjfklasjdslk\Github\Platfomer_Game\PLatformerGame\Library\ScriptAssemblies\Unity.2D.SpriteShape.Runtime.dll
Symbol file LoadedFromMemory is not a mono symbol file
Native extension for WindowsStandalone target not found
Refreshing native plugins compatible for Editor in 1.11 ms, found 3 plugins.
Preloading 0 native plugins for Editor in 0.00 ms.
Mono: successfully reloaded assembly
- Completed reload, in  1.412 seconds
Domain Reload Profiling:
	ReloadAssembly (1412ms)
		BeginReloadAssembly (396ms)
			ExecutionOrderSort (0ms)
			DisableScriptedObjects (5ms)
			BackupInstance (0ms)
			ReleaseScriptingObjects (0ms)
			CreateAndSetChildDomain (254ms)
		EndReloadAssembly (942ms)
			LoadAssemblies (184ms)
			RebuildTransferFunctionScriptingTraits (0ms)
			SetupTypeCache (304ms)
			ReleaseScriptCaches (2ms)
			RebuildScriptCaches (48ms)
			SetupLoadedEditorAssemblies (345ms)
				LogAssemblyErrors (0ms)
				InitializePlatformSupportModulesInManaged (7ms)
				SetLoadedEditorAssemblies (0ms)
				RefreshPlugins (1ms)
				BeforeProcessingInitializeOnLoad (112ms)
				ProcessInitializeOnLoadAttributes (201ms)
				ProcessInitializeOnLoadMethodAttributes (7ms)
				AfterProcessingInitializeOnLoad (15ms)
				EditorAssembliesLoaded (0ms)
			ExecutionOrderSort2 (0ms)
			AwakeInstancesAfterBackupRestoration (8ms)
Platform modules already initialized, skipping
Refreshing native plugins compatible for Editor in 0.62 ms, found 3 plugins.
Preloading 0 native plugins for Editor in 0.00 ms.
Unloading 2274 Unused Serialized files (Serialized files now loaded: 0)
System memory in use before: 102.1 MB.
System memory in use after: 102.4 MB.

Unloading 15 unused Assets to reduce memory usage. Loaded Objects now: 2745.
Total: 2.839000 ms (FindLiveObjects: 0.177900 ms CreateObjectMapping: 0.071200 ms MarkObjects: 2.572300 ms  DeleteObjects: 0.016600 ms)

AssetImportParameters requested are different than current active one (requested -> active):
  custom:framework-win-MediaFoundation: 216162199b28c13a410421893ffa2e32 -> 
  custom:video-decoder-ogg-theora: a1e56fd34408186e4bbccfd4996cb3dc -> 
  custom:container-muxer-webm: aa71ff27fc2769a1b78a27578f13a17b -> 
  custom:container-demuxer-webm: 4f35f7cbe854078d1ac9338744f61a02 -> 
  custom:container-demuxer-ogg: 62fdf1f143b41e24485cea50d1cbac27 -> 
  custom:video-encoder-webm-vp8: eb34c28f22e8b96e1ab97ce403110664 -> 
  custom:video-decoder-webm-vp8: 9c59270c3fd7afecdb556c50c9e8de78 -> 
  custom:audio-decoder-ogg-vorbis: bf7c407c2cedff20999df2af8eb42d56 -> 
  custom:audio-encoder-webm-vorbis: bf7c407c2cedff20999df2af8eb42d56 -> 
========================================================================
Received Prepare
Registering precompiled user dll's ...
Registered in 0.008096 seconds.
Begin MonoManager ReloadAssembly
Symbol file data-000001F1F24B19F0 doesn't match image D:\HANjfklasjdslk\Github\Platfomer_Game\PLatformerGame\Library\ScriptAssemblies\Unity.2D.Animation.Editor.dll
Symbol file LoadedFromMemory is not a mono symbol file
Symbol file data-000001F1F88DA090 doesn't match image D:\HANjfklasjdslk\Github\Platfomer_Game\PLatformerGame\Library\ScriptAssemblies\Unity.InternalAPIEngineBridge.001.dll
Symbol file LoadedFromMemory is not a mono symbol file
Symbol file data-000001F1F2794D50 doesn't match image D:\HANjfklasjdslk\Github\Platfomer_Game\PLatformerGame\Library\ScriptAssemblies\Unity.VSCode.Editor.dll
Symbol file LoadedFromMemory is not a mono symbol file
Symbol file data-000001F1FA4BF070 doesn't match image D:\HANjfklasjdslk\Github\Platfomer_Game\PLatformerGame\Library\ScriptAssemblies\Unity.2D.PixelPerfect.dll
Symbol file LoadedFromMemory is not a mono symbol file
Symbol file data-000001F1F8CC7020 doesn't match image D:\HANjfklasjdslk\Github\Platfomer_Game\PLatformerGame\Library\ScriptAssemblies\Unity.2D.Tilemap.Editor.dll
Symbol file LoadedFromMemory is not a mono symbol file
Symbol file data-000001F1FBAC6830 doesn't match image D:\HANjfklasjdslk\Github\Platfomer_Game\PLatformerGame\Library\ScriptAssemblies\PsdPlugin.dll
Symbol file LoadedFromMemory is not a mono symbol file
Symbol file data-000001F1F7341010 doesn't match image D:\HANjfklasjdslk\Github\Platfomer_Game\PLatformerGame\Library\ScriptAssemblies\Unity.TextMeshPro.Editor.dll
Symbol file LoadedFromMemory is not a mono symbol file
Symbol file data-000001F1F7D18090 doesn't match image D:\HANjfklasjdslk\Github\Platfomer_Game\PLatformerGame\Library\ScriptAssemblies\Unity.VisualStudio.Editor.dll
Symbol file LoadedFromMemory is not a mono symbol file
Symbol file data-000001F1FC073030 doesn't match image D:\HANjfklasjdslk\Github\Platfomer_Game\PLatformerGame\Library\ScriptAssemblies\UnityEngine.TestRunner.dll
Symbol file LoadedFromMemory is not a mono symbol file
Symbol file data-000001F1F8CC7020 doesn't match image D:\HANjfklasjdslk\Github\Platfomer_Game\PLatformerGame\Library\ScriptAssemblies\Unity.Timeline.dll
Symbol file LoadedFromMemory is not a mono symbol file
Symbol file data-000001F1F6E84010 doesn't match image D:\HANjfklasjdslk\Github\Platfomer_Game\PLatformerGame\Library\ScriptAssemblies\Unity.TextMeshPro.dll
Symbol file LoadedFromMemory is not a mono symbol file
Symbol file data-000001F1FC359EE0 doesn't match image D:\HANjfklasjdslk\Github\Platfomer_Game\PLatformerGame\Library\ScriptAssemblies\UnityEditor.TestRunner.dll
Symbol file LoadedFromMemory is not a mono symbol file
Symbol file data-000001F1F2794D50 doesn't match image D:\HANjfklasjdslk\Github\Platfomer_Game\PLatformerGame\Library\ScriptAssemblies\Unity.2D.IK.Editor.dll
Symbol file LoadedFromMemory is not a mono symbol file
Symbol file data-000001F1FC97A040 doesn't match image D:\HANjfklasjdslk\Github\Platfomer_Game\PLatformerGame\Library\ScriptAssemblies\Unity.2D.Sprite.Editor.dll
Symbol file LoadedFromMemory is not a mono symbol file
Symbol file data-000001F1F6B83020 doesn't match image D:\HANjfklasjdslk\Github\Platfomer_Game\PLatformerGame\Library\ScriptAssemblies\Unity.2D.Psdimporter.Editor.dll
Symbol file LoadedFromMemory is not a mono symbol file
Symbol file data-000001F1FB82E960 doesn't match image D:\HANjfklasjdslk\Github\Platfomer_Game\PLatformerGame\Library\ScriptAssemblies\Unity.2D.Path.Editor.dll
Symbol file LoadedFromMemory is not a mono symbol file
Symbol file data-000001F1FB256450 doesn't match image D:\HANjfklasjdslk\Github\Platfomer_Game\PLatformerGame\Library\ScriptAssemblies\Unity.InternalAPIEditorBridge.001.dll
Symbol file LoadedFromMemory is not a mono symbol file
Symbol file data-000001F1F6B83020 doesn't match image D:\HANjfklasjdslk\Github\Platfomer_Game\PLatformerGame\Library\ScriptAssemblies\UnityEditor.UI.dll
Symbol file LoadedFromMemory is not a mono symbol file
Symbol file data-000001F1F24B19F0 doesn't match image D:\HANjfklasjdslk\Github\Platfomer_Game\PLatformerGame\Library\ScriptAssemblies\Unity.PlasticSCM.Editor.dll
Symbol file LoadedFromMemory is not a mono symbol file
Symbol file data-000001F1F26C7010 doesn't match image D:\HANjfklasjdslk\Github\Platfomer_Game\PLatformerGame\Library\ScriptAssemblies\Unity.Rider.Editor.dll
Symbol file LoadedFromMemory is not a mono symbol file
Symbol file data-000001F1FACBA010 doesn't match image D:\HANjfklasjdslk\Github\Platfomer_Game\PLatformerGame\Library\ScriptAssemblies\UnityEngine.UI.dll
Symbol file LoadedFromMemory is not a mono symbol file
Symbol file data-000001F1F2636C40 doesn't match image D:\HANjfklasjdslk\Github\Platfomer_Game\PLatformerGame\Library\ScriptAssemblies\Unity.Mathematics.dll
Symbol file LoadedFromMemory is not a mono symbol file
Symbol file data-000001F1FB8B0440 doesn't match image D:\HANjfklasjdslk\Github\Platfomer_Game\PLatformerGame\Library\ScriptAssemblies\Unity.2D.IK.Runtime.dll
Symbol file LoadedFromMemory is not a mono symbol file
Symbol file data-000001F1FBFA84E0 doesn't match image D:\HANjfklasjdslk\Github\Platfomer_Game\PLatformerGame\Library\ScriptAssemblies\Cinemachine.dll
Symbol file LoadedFromMemory is not a mono symbol file
Symbol file data-000001F1FBF55200 doesn't match image D:\HANjfklasjdslk\Github\Platfomer_Game\PLatformerGame\Library\ScriptAssemblies\com.unity.cinemachine.editor.dll
Symbol file LoadedFromMemory is not a mono symbol file
Symbol file data-000001F1F2A1E030 doesn't match image D:\HANjfklasjdslk\Github\Platfomer_Game\PLatformerGame\Library\ScriptAssemblies\Unity.2D.Animation.Triangle.Runtime.dll
Symbol file LoadedFromMemory is not a mono symbol file
Symbol file data-000001F1F28DF020 doesn't match image D:\HANjfklasjdslk\Github\Platfomer_Game\PLatformerGame\Library\ScriptAssemblies\Unity.2D.Animation.Runtime.dll
Symbol file LoadedFromMemory is not a mono symbol file
Symbol file data-000001F1F9D86970 doesn't match image D:\HANjfklasjdslk\Github\Platfomer_Game\PLatformerGame\Library\ScriptAssemblies\Unity.2D.PixelPerfect.Editor.dll
Symbol file LoadedFromMemory is not a mono symbol file
Symbol file data-000001F1FC2AFDA0 doesn't match image D:\HANjfklasjdslk\Github\Platfomer_Game\PLatformerGame\Library\ScriptAssemblies\Unity.Timeline.Editor.dll
Symbol file LoadedFromMemory is not a mono symbol file
Symbol file data-000001F1FC073030 doesn't match image D:\HANjfklasjdslk\Github\Platfomer_Game\PLatformerGame\Library\ScriptAssemblies\Unity.CollabProxy.Editor.dll
Symbol file LoadedFromMemory is not a mono symbol file
Symbol file data-000001F1FA1241A0 doesn't match image D:\HANjfklasjdslk\Github\Platfomer_Game\PLatformerGame\Library\ScriptAssemblies\Unity.Mathematics.Editor.dll
Symbol file LoadedFromMemory is not a mono symbol file
Symbol file data-000001F1F843A400 doesn't match image D:\HANjfklasjdslk\Github\Platfomer_Game\PLatformerGame\Library\ScriptAssemblies\Unity.2D.Common.Runtime.dll
Symbol file LoadedFromMemory is not a mono symbol file
Symbol file data-000001F1F70A4E20 doesn't match image D:\HANjfklasjdslk\Github\Platfomer_Game\PLatformerGame\Library\ScriptAssemblies\Unity.2D.SpriteShape.Editor.dll
Symbol file LoadedFromMemory is not a mono symbol file
Symbol file data-000001F1FA2ECA30 doesn't match image D:\HANjfklasjdslk\Github\Platfomer_Game\PLatformerGame\Library\ScriptAssemblies\Unity.2D.Common.Editor.dll
Symbol file LoadedFromMemory is not a mono symbol file
Symbol file data-000001F1F8CC7020 doesn't match image D:\HANjfklasjdslk\Github\Platfomer_Game\PLatformerGame\Library\ScriptAssemblies\Unity.2D.SpriteShape.Runtime.dll
Symbol file LoadedFromMemory is not a mono symbol file
Native extension for WindowsStandalone target not found
Refreshing native plugins compatible for Editor in 0.66 ms, found 3 plugins.
Preloading 0 native plugins for Editor in 0.00 ms.
Mono: successfully reloaded assembly
- Completed reload, in  1.110 seconds
Domain Reload Profiling:
	ReloadAssembly (1110ms)
		BeginReloadAssembly (187ms)
			ExecutionOrderSort (0ms)
			DisableScriptedObjects (5ms)
			BackupInstance (0ms)
			ReleaseScriptingObjects (0ms)
			CreateAndSetChildDomain (31ms)
		EndReloadAssembly (854ms)
			LoadAssemblies (179ms)
			RebuildTransferFunctionScriptingTraits (0ms)
			SetupTypeCache (285ms)
			ReleaseScriptCaches (1ms)
			RebuildScriptCaches (41ms)
			SetupLoadedEditorAssemblies (315ms)
				LogAssemblyErrors (0ms)
				InitializePlatformSupportModulesInManaged (5ms)
				SetLoadedEditorAssemblies (0ms)
				RefreshPlugins (1ms)
				BeforeProcessingInitializeOnLoad (99ms)
				ProcessInitializeOnLoadAttributes (190ms)
				ProcessInitializeOnLoadMethodAttributes (6ms)
				AfterProcessingInitializeOnLoad (14ms)
				EditorAssembliesLoaded (0ms)
			ExecutionOrderSort2 (0ms)
			AwakeInstancesAfterBackupRestoration (8ms)
Platform modules already initialized, skipping
Refreshing native plugins compatible for Editor in 0.65 ms, found 3 plugins.
Preloading 0 native plugins for Editor in 0.00 ms.
Unloading 2274 Unused Serialized files (Serialized files now loaded: 0)
System memory in use before: 102.2 MB.
System memory in use after: 102.4 MB.

Unloading 15 unused Assets to reduce memory usage. Loaded Objects now: 2748.
Total: 3.157500 ms (FindLiveObjects: 0.210500 ms CreateObjectMapping: 0.095800 ms MarkObjects: 2.831900 ms  DeleteObjects: 0.017800 ms)

AssetImportParameters requested are different than current active one (requested -> active):
  custom:framework-win-MediaFoundation: 216162199b28c13a410421893ffa2e32 -> 
  custom:video-decoder-ogg-theora: a1e56fd34408186e4bbccfd4996cb3dc -> 
  custom:container-muxer-webm: aa71ff27fc2769a1b78a27578f13a17b -> 
  custom:container-demuxer-webm: 4f35f7cbe854078d1ac9338744f61a02 -> 
  custom:container-demuxer-ogg: 62fdf1f143b41e24485cea50d1cbac27 -> 
  custom:video-encoder-webm-vp8: eb34c28f22e8b96e1ab97ce403110664 -> 
  custom:video-decoder-webm-vp8: 9c59270c3fd7afecdb556c50c9e8de78 -> 
  custom:audio-decoder-ogg-vorbis: bf7c407c2cedff20999df2af8eb42d56 -> 
  custom:audio-encoder-webm-vorbis: bf7c407c2cedff20999df2af8eb42d56 -> 
========================================================================
Received Prepare
Registering precompiled user dll's ...
Registered in 0.007555 seconds.
Begin MonoManager ReloadAssembly
Symbol file data-000001F1F24B19F0 doesn't match image D:\HANjfklasjdslk\Github\Platfomer_Game\PLatformerGame\Library\ScriptAssemblies\Unity.2D.Animation.Editor.dll
Symbol file LoadedFromMemory is not a mono symbol file
Symbol file data-000001F1F88DB2B0 doesn't match image D:\HANjfklasjdslk\Github\Platfomer_Game\PLatformerGame\Library\ScriptAssemblies\Unity.InternalAPIEngineBridge.001.dll
Symbol file LoadedFromMemory is not a mono symbol file
Symbol file data-000001F1FA7099B0 doesn't match image D:\HANjfklasjdslk\Github\Platfomer_Game\PLatformerGame\Library\ScriptAssemblies\Unity.VSCode.Editor.dll
Symbol file LoadedFromMemory is not a mono symbol file
Symbol file data-000001F1FA4C3ED0 doesn't match image D:\HANjfklasjdslk\Github\Platfomer_Game\PLatformerGame\Library\ScriptAssemblies\Unity.2D.PixelPerfect.dll
Symbol file LoadedFromMemory is not a mono symbol file
Symbol file data-000001F1F8CC7020 doesn't match image D:\HANjfklasjdslk\Github\Platfomer_Game\PLatformerGame\Library\ScriptAssemblies\Unity.2D.Tilemap.Editor.dll
Symbol file LoadedFromMemory is not a mono symbol file
Symbol file data-000001F1FBAC6830 doesn't match image D:\HANjfklasjdslk\Github\Platfomer_Game\PLatformerGame\Library\ScriptAssemblies\PsdPlugin.dll
Symbol file LoadedFromMemory is not a mono symbol file
Symbol file data-000001F21D922020 doesn't match image D:\HANjfklasjdslk\Github\Platfomer_Game\PLatformerGame\Library\ScriptAssemblies\Unity.TextMeshPro.Editor.dll
Symbol file LoadedFromMemory is not a mono symbol file
Symbol file data-000001F1FB8481D0 doesn't match image D:\HANjfklasjdslk\Github\Platfomer_Game\PLatformerGame\Library\ScriptAssemblies\Unity.VisualStudio.Editor.dll
Symbol file LoadedFromMemory is not a mono symbol file
Symbol file data-000001F1FC56E010 doesn't match image D:\HANjfklasjdslk\Github\Platfomer_Game\PLatformerGame\Library\ScriptAssemblies\UnityEngine.TestRunner.dll
Symbol file LoadedFromMemory is not a mono symbol file
Symbol file data-000001F1F8CC7020 doesn't match image D:\HANjfklasjdslk\Github\Platfomer_Game\PLatformerGame\Library\ScriptAssemblies\Unity.Timeline.dll
Symbol file LoadedFromMemory is not a mono symbol file
Symbol file data-000001F1F6E84010 doesn't match image D:\HANjfklasjdslk\Github\Platfomer_Game\PLatformerGame\Library\ScriptAssemblies\Unity.TextMeshPro.dll
Symbol file LoadedFromMemory is not a mono symbol file
Symbol file data-000001F1FC359EE0 doesn't match image D:\HANjfklasjdslk\Github\Platfomer_Game\PLatformerGame\Library\ScriptAssemblies\UnityEditor.TestRunner.dll
Symbol file LoadedFromMemory is not a mono symbol file
Symbol file data-000001F1FA7099B0 doesn't match image D:\HANjfklasjdslk\Github\Platfomer_Game\PLatformerGame\Library\ScriptAssemblies\Unity.2D.IK.Editor.dll
Symbol file LoadedFromMemory is not a mono symbol file
Symbol file data-000001F1FC97A040 doesn't match image D:\HANjfklasjdslk\Github\Platfomer_Game\PLatformerGame\Library\ScriptAssemblies\Unity.2D.Sprite.Editor.dll
Symbol file LoadedFromMemory is not a mono symbol file
Symbol file data-000001F1FB8481D0 doesn't match image D:\HANjfklasjdslk\Github\Platfomer_Game\PLatformerGame\Library\ScriptAssemblies\Unity.2D.Psdimporter.Editor.dll
Symbol file LoadedFromMemory is not a mono symbol file
Symbol file data-000001F1FB82E960 doesn't match image D:\HANjfklasjdslk\Github\Platfomer_Game\PLatformerGame\Library\ScriptAssemblies\Unity.2D.Path.Editor.dll
Symbol file LoadedFromMemory is not a mono symbol file
Symbol file data-000001F1FB845C60 doesn't match image D:\HANjfklasjdslk\Github\Platfomer_Game\PLatformerGame\Library\ScriptAssemblies\Unity.InternalAPIEditorBridge.001.dll
Symbol file LoadedFromMemory is not a mono symbol file
Symbol file data-000001F1FB8481D0 doesn't match image D:\HANjfklasjdslk\Github\Platfomer_Game\PLatformerGame\Library\ScriptAssemblies\UnityEditor.UI.dll
Symbol file LoadedFromMemory is not a mono symbol file
Symbol file data-000001F1FB8E6760 doesn't match image D:\HANjfklasjdslk\Github\Platfomer_Game\PLatformerGame\Library\ScriptAssemblies\Unity.PlasticSCM.Editor.dll
Symbol file LoadedFromMemory is not a mono symbol file
Symbol file data-000001F1F26C7010 doesn't match image D:\HANjfklasjdslk\Github\Platfomer_Game\PLatformerGame\Library\ScriptAssemblies\Unity.Rider.Editor.dll
Symbol file LoadedFromMemory is not a mono symbol file
Symbol file data-000001F1FA265030 doesn't match image D:\HANjfklasjdslk\Github\Platfomer_Game\PLatformerGame\Library\ScriptAssemblies\UnityEngine.UI.dll
Symbol file LoadedFromMemory is not a mono symbol file
Symbol file data-000001F1F2636C40 doesn't match image D:\HANjfklasjdslk\Github\Platfomer_Game\PLatformerGame\Library\ScriptAssemblies\Unity.Mathematics.dll
Symbol file LoadedFromMemory is not a mono symbol file
Symbol file data-000001F1FB8B0440 doesn't match image D:\HANjfklasjdslk\Github\Platfomer_Game\PLatformerGame\Library\ScriptAssemblies\Unity.2D.IK.Runtime.dll
Symbol file LoadedFromMemory is not a mono symbol file
Symbol file data-000001F1FBFA84E0 doesn't match image D:\HANjfklasjdslk\Github\Platfomer_Game\PLatformerGame\Library\ScriptAssemblies\Cinemachine.dll
Symbol file LoadedFromMemory is not a mono symbol file
Symbol file data-000001F1FBF55200 doesn't match image D:\HANjfklasjdslk\Github\Platfomer_Game\PLatformerGame\Library\ScriptAssemblies\com.unity.cinemachine.editor.dll
Symbol file LoadedFromMemory is not a mono symbol file
Symbol file data-000001F1F2A1E030 doesn't match image D:\HANjfklasjdslk\Github\Platfomer_Game\PLatformerGame\Library\ScriptAssemblies\Unity.2D.Animation.Triangle.Runtime.dll
Symbol file LoadedFromMemory is not a mono symbol file
Symbol file data-000001F1FC07B040 doesn't match image D:\HANjfklasjdslk\Github\Platfomer_Game\PLatformerGame\Library\ScriptAssemblies\Unity.2D.Animation.Runtime.dll
Symbol file LoadedFromMemory is not a mono symbol file
Symbol file data-000001F1F83D0970 doesn't match image D:\HANjfklasjdslk\Github\Platfomer_Game\PLatformerGame\Library\ScriptAssemblies\Unity.2D.PixelPerfect.Editor.dll
Symbol file LoadedFromMemory is not a mono symbol file
Symbol file data-000001F1FBA7FFE0 doesn't match image D:\HANjfklasjdslk\Github\Platfomer_Game\PLatformerGame\Library\ScriptAssemblies\Unity.Timeline.Editor.dll
Symbol file LoadedFromMemory is not a mono symbol file
Symbol file data-000001F1FC56E010 doesn't match image D:\HANjfklasjdslk\Github\Platfomer_Game\PLatformerGame\Library\ScriptAssemblies\Unity.CollabProxy.Editor.dll
Symbol file LoadedFromMemory is not a mono symbol file
Symbol file data-000001F1F2BBD980 doesn't match image D:\HANjfklasjdslk\Github\Platfomer_Game\PLatformerGame\Library\ScriptAssemblies\Unity.Mathematics.Editor.dll
Symbol file LoadedFromMemory is not a mono symbol file
Symbol file data-000001F1F843A400 doesn't match image D:\HANjfklasjdslk\Github\Platfomer_Game\PLatformerGame\Library\ScriptAssemblies\Unity.2D.Common.Runtime.dll
Symbol file LoadedFromMemory is not a mono symbol file
Symbol file data-000001F1FA449020 doesn't match image D:\HANjfklasjdslk\Github\Platfomer_Game\PLatformerGame\Library\ScriptAssemblies\Unity.2D.SpriteShape.Editor.dll
Symbol file LoadedFromMemory is not a mono symbol file
Symbol file data-000001F1FA2ECA30 doesn't match image D:\HANjfklasjdslk\Github\Platfomer_Game\PLatformerGame\Library\ScriptAssemblies\Unity.2D.Common.Editor.dll
Symbol file LoadedFromMemory is not a mono symbol file
Symbol file data-000001F1F8CC7020 doesn't match image D:\HANjfklasjdslk\Github\Platfomer_Game\PLatformerGame\Library\ScriptAssemblies\Unity.2D.SpriteShape.Runtime.dll
Symbol file LoadedFromMemory is not a mono symbol file
Native extension for WindowsStandalone target not found
Refreshing native plugins compatible for Editor in 0.83 ms, found 3 plugins.
Preloading 0 native plugins for Editor in 0.00 ms.
Mono: successfully reloaded assembly
- Completed reload, in  1.144 seconds
Domain Reload Profiling:
	ReloadAssembly (1144ms)
		BeginReloadAssembly (194ms)
			ExecutionOrderSort (0ms)
			DisableScriptedObjects (5ms)
			BackupInstance (0ms)
			ReleaseScriptingObjects (0ms)
			CreateAndSetChildDomain (34ms)
		EndReloadAssembly (868ms)
			LoadAssemblies (201ms)
			RebuildTransferFunctionScriptingTraits (0ms)
			SetupTypeCache (273ms)
			ReleaseScriptCaches (1ms)
			RebuildScriptCaches (40ms)
			SetupLoadedEditorAssemblies (320ms)
				LogAssemblyErrors (0ms)
				InitializePlatformSupportModulesInManaged (5ms)
				SetLoadedEditorAssemblies (0ms)
				RefreshPlugins (1ms)
				BeforeProcessingInitializeOnLoad (101ms)
				ProcessInitializeOnLoadAttributes (191ms)
				ProcessInitializeOnLoadMethodAttributes (6ms)
				AfterProcessingInitializeOnLoad (15ms)
				EditorAssembliesLoaded (0ms)
			ExecutionOrderSort2 (0ms)
			AwakeInstancesAfterBackupRestoration (8ms)
Platform modules already initialized, skipping
Refreshing native plugins compatible for Editor in 0.93 ms, found 3 plugins.
Preloading 0 native plugins for Editor in 0.00 ms.
Unloading 2274 Unused Serialized files (Serialized files now loaded: 0)
System memory in use before: 102.2 MB.
System memory in use after: 102.4 MB.

Unloading 15 unused Assets to reduce memory usage. Loaded Objects now: 2751.
Total: 3.299500 ms (FindLiveObjects: 0.219200 ms CreateObjectMapping: 0.086700 ms MarkObjects: 2.975100 ms  DeleteObjects: 0.017500 ms)

AssetImportParameters requested are different than current active one (requested -> active):
  custom:framework-win-MediaFoundation: 216162199b28c13a410421893ffa2e32 -> 
  custom:video-decoder-ogg-theora: a1e56fd34408186e4bbccfd4996cb3dc -> 
  custom:container-muxer-webm: aa71ff27fc2769a1b78a27578f13a17b -> 
  custom:container-demuxer-webm: 4f35f7cbe854078d1ac9338744f61a02 -> 
  custom:container-demuxer-ogg: 62fdf1f143b41e24485cea50d1cbac27 -> 
  custom:video-encoder-webm-vp8: eb34c28f22e8b96e1ab97ce403110664 -> 
  custom:video-decoder-webm-vp8: 9c59270c3fd7afecdb556c50c9e8de78 -> 
  custom:audio-decoder-ogg-vorbis: bf7c407c2cedff20999df2af8eb42d56 -> 
  custom:audio-encoder-webm-vorbis: bf7c407c2cedff20999df2af8eb42d56 -> 
========================================================================
Received Prepare
Registering precompiled user dll's ...
Registered in 0.007561 seconds.
Begin MonoManager ReloadAssembly
Symbol file data-000001F1F24B19F0 doesn't match image D:\HANjfklasjdslk\Github\Platfomer_Game\PLatformerGame\Library\ScriptAssemblies\Unity.2D.Animation.Editor.dll
Symbol file LoadedFromMemory is not a mono symbol file
Symbol file data-000001F1F88DA430 doesn't match image D:\HANjfklasjdslk\Github\Platfomer_Game\PLatformerGame\Library\ScriptAssemblies\Unity.InternalAPIEngineBridge.001.dll
Symbol file LoadedFromMemory is not a mono symbol file
Symbol file data-000001F1F2794D50 doesn't match image D:\HANjfklasjdslk\Github\Platfomer_Game\PLatformerGame\Library\ScriptAssemblies\Unity.VSCode.Editor.dll
Symbol file LoadedFromMemory is not a mono symbol file
Symbol file data-000001F1FA4C17A0 doesn't match image D:\HANjfklasjdslk\Github\Platfomer_Game\PLatformerGame\Library\ScriptAssemblies\Unity.2D.PixelPerfect.dll
Symbol file LoadedFromMemory is not a mono symbol file
Symbol file data-000001F1F8CC7020 doesn't match image D:\HANjfklasjdslk\Github\Platfomer_Game\PLatformerGame\Library\ScriptAssemblies\Unity.2D.Tilemap.Editor.dll
Symbol file LoadedFromMemory is not a mono symbol file
Symbol file data-000001F1F88D1010 doesn't match image D:\HANjfklasjdslk\Github\Platfomer_Game\PLatformerGame\Library\ScriptAssemblies\PsdPlugin.dll
Symbol file LoadedFromMemory is not a mono symbol file
Symbol file data-000001F1FC2DFDD0 doesn't match image D:\HANjfklasjdslk\Github\Platfomer_Game\PLatformerGame\Library\ScriptAssemblies\Unity.TextMeshPro.Editor.dll
Symbol file LoadedFromMemory is not a mono symbol file
Symbol file data-000001F1F7D18090 doesn't match image D:\HANjfklasjdslk\Github\Platfomer_Game\PLatformerGame\Library\ScriptAssemblies\Unity.VisualStudio.Editor.dll
Symbol file LoadedFromMemory is not a mono symbol file
Symbol file data-000001F1F270AC50 doesn't match image D:\HANjfklasjdslk\Github\Platfomer_Game\PLatformerGame\Library\ScriptAssemblies\UnityEngine.TestRunner.dll
Symbol file LoadedFromMemory is not a mono symbol file
Symbol file data-000001F1F8CC7020 doesn't match image D:\HANjfklasjdslk\Github\Platfomer_Game\PLatformerGame\Library\ScriptAssemblies\Unity.Timeline.dll
Symbol file LoadedFromMemory is not a mono symbol file
Symbol file data-000001F1F6E84010 doesn't match image D:\HANjfklasjdslk\Github\Platfomer_Game\PLatformerGame\Library\ScriptAssemblies\Unity.TextMeshPro.dll
Symbol file LoadedFromMemory is not a mono symbol file
Symbol file data-000001F1FC359EE0 doesn't match image D:\HANjfklasjdslk\Github\Platfomer_Game\PLatformerGame\Library\ScriptAssemblies\UnityEditor.TestRunner.dll
Symbol file LoadedFromMemory is not a mono symbol file
Symbol file data-000001F1F2794D50 doesn't match image D:\HANjfklasjdslk\Github\Platfomer_Game\PLatformerGame\Library\ScriptAssemblies\Unity.2D.IK.Editor.dll
Symbol file LoadedFromMemory is not a mono symbol file
Symbol file data-000001F1FC97A040 doesn't match image D:\HANjfklasjdslk\Github\Platfomer_Game\PLatformerGame\Library\ScriptAssemblies\Unity.2D.Sprite.Editor.dll
Symbol file LoadedFromMemory is not a mono symbol file
Symbol file data-000001F1F6B83020 doesn't match image D:\HANjfklasjdslk\Github\Platfomer_Game\PLatformerGame\Library\ScriptAssemblies\Unity.2D.Psdimporter.Editor.dll
Symbol file LoadedFromMemory is not a mono symbol file
Symbol file data-000001F1FB82E960 doesn't match image D:\HANjfklasjdslk\Github\Platfomer_Game\PLatformerGame\Library\ScriptAssemblies\Unity.2D.Path.Editor.dll
Symbol file LoadedFromMemory is not a mono symbol file
Symbol file data-000001F1FC52B040 doesn't match image D:\HANjfklasjdslk\Github\Platfomer_Game\PLatformerGame\Library\ScriptAssemblies\Unity.InternalAPIEditorBridge.001.dll
Symbol file LoadedFromMemory is not a mono symbol file
Symbol file data-000001F1F6B83020 doesn't match image D:\HANjfklasjdslk\Github\Platfomer_Game\PLatformerGame\Library\ScriptAssemblies\UnityEditor.UI.dll
Symbol file LoadedFromMemory is not a mono symbol file
Symbol file data-000001F1F24B19F0 doesn't match image D:\HANjfklasjdslk\Github\Platfomer_Game\PLatformerGame\Library\ScriptAssemblies\Unity.PlasticSCM.Editor.dll
Symbol file LoadedFromMemory is not a mono symbol file
Symbol file data-000001F1F26C7010 doesn't match image D:\HANjfklasjdslk\Github\Platfomer_Game\PLatformerGame\Library\ScriptAssemblies\Unity.Rider.Editor.dll
Symbol file LoadedFromMemory is not a mono symbol file
Symbol file data-000001F1FA265030 doesn't match image D:\HANjfklasjdslk\Github\Platfomer_Game\PLatformerGame\Library\ScriptAssemblies\UnityEngine.UI.dll
Symbol file LoadedFromMemory is not a mono symbol file
Symbol file data-000001F1F2636C40 doesn't match image D:\HANjfklasjdslk\Github\Platfomer_Game\PLatformerGame\Library\ScriptAssemblies\Unity.Mathematics.dll
Symbol file LoadedFromMemory is not a mono symbol file
Symbol file data-000001F1FB8B0440 doesn't match image D:\HANjfklasjdslk\Github\Platfomer_Game\PLatformerGame\Library\ScriptAssemblies\Unity.2D.IK.Runtime.dll
Symbol file LoadedFromMemory is not a mono symbol file
Symbol file data-000001F21D616030 doesn't match image D:\HANjfklasjdslk\Github\Platfomer_Game\PLatformerGame\Library\ScriptAssemblies\Cinemachine.dll
Symbol file LoadedFromMemory is not a mono symbol file
Symbol file data-000001F1FBF55200 doesn't match image D:\HANjfklasjdslk\Github\Platfomer_Game\PLatformerGame\Library\ScriptAssemblies\com.unity.cinemachine.editor.dll
Symbol file LoadedFromMemory is not a mono symbol file
Symbol file data-000001F1F2A1E030 doesn't match image D:\HANjfklasjdslk\Github\Platfomer_Game\PLatformerGame\Library\ScriptAssemblies\Unity.2D.Animation.Triangle.Runtime.dll
Symbol file LoadedFromMemory is not a mono symbol file
Symbol file data-000001F1FC07B040 doesn't match image D:\HANjfklasjdslk\Github\Platfomer_Game\PLatformerGame\Library\ScriptAssemblies\Unity.2D.Animation.Runtime.dll
Symbol file LoadedFromMemory is not a mono symbol file
Symbol file data-000001F1F83D9A70 doesn't match image D:\HANjfklasjdslk\Github\Platfomer_Game\PLatformerGame\Library\ScriptAssemblies\Unity.2D.PixelPerfect.Editor.dll
Symbol file LoadedFromMemory is not a mono symbol file
Symbol file data-000001F1F2925820 doesn't match image D:\HANjfklasjdslk\Github\Platfomer_Game\PLatformerGame\Library\ScriptAssemblies\Unity.Timeline.Editor.dll
Symbol file LoadedFromMemory is not a mono symbol file
Symbol file data-000001F1F270AC50 doesn't match image D:\HANjfklasjdslk\Github\Platfomer_Game\PLatformerGame\Library\ScriptAssemblies\Unity.CollabProxy.Editor.dll
Symbol file LoadedFromMemory is not a mono symbol file
Symbol file data-000001F1F88C1050 doesn't match image D:\HANjfklasjdslk\Github\Platfomer_Game\PLatformerGame\Library\ScriptAssemblies\Unity.Mathematics.Editor.dll
Symbol file LoadedFromMemory is not a mono symbol file
Symbol file data-000001F1F843A5D0 doesn't match image D:\HANjfklasjdslk\Github\Platfomer_Game\PLatformerGame\Library\ScriptAssemblies\Unity.2D.Common.Runtime.dll
Symbol file LoadedFromMemory is not a mono symbol file
Symbol file data-000001F1F6B83020 doesn't match image D:\HANjfklasjdslk\Github\Platfomer_Game\PLatformerGame\Library\ScriptAssemblies\Unity.2D.SpriteShape.Editor.dll
Symbol file LoadedFromMemory is not a mono symbol file
Symbol file data-000001F1FA2ECA30 doesn't match image D:\HANjfklasjdslk\Github\Platfomer_Game\PLatformerGame\Library\ScriptAssemblies\Unity.2D.Common.Editor.dll
Symbol file LoadedFromMemory is not a mono symbol file
Symbol file data-000001F1F8CC7020 doesn't match image D:\HANjfklasjdslk\Github\Platfomer_Game\PLatformerGame\Library\ScriptAssemblies\Unity.2D.SpriteShape.Runtime.dll
Symbol file LoadedFromMemory is not a mono symbol file
Native extension for WindowsStandalone target not found
Refreshing native plugins compatible for Editor in 0.79 ms, found 3 plugins.
Preloading 0 native plugins for Editor in 0.00 ms.
Mono: successfully reloaded assembly
- Completed reload, in  1.400 seconds
Domain Reload Profiling:
	ReloadAssembly (1400ms)
		BeginReloadAssembly (201ms)
			ExecutionOrderSort (0ms)
			DisableScriptedObjects (5ms)
			BackupInstance (0ms)
			ReleaseScriptingObjects (0ms)
			CreateAndSetChildDomain (33ms)
		EndReloadAssembly (1120ms)
			LoadAssemblies (207ms)
			RebuildTransferFunctionScriptingTraits (0ms)
			SetupTypeCache (277ms)
			ReleaseScriptCaches (1ms)
			RebuildScriptCaches (42ms)
			SetupLoadedEditorAssemblies (323ms)
				LogAssemblyErrors (0ms)
				InitializePlatformSupportModulesInManaged (5ms)
				SetLoadedEditorAssemblies (0ms)
				RefreshPlugins (1ms)
				BeforeProcessingInitializeOnLoad (105ms)
				ProcessInitializeOnLoadAttributes (188ms)
				ProcessInitializeOnLoadMethodAttributes (7ms)
				AfterProcessingInitializeOnLoad (16ms)
				EditorAssembliesLoaded (0ms)
			ExecutionOrderSort2 (0ms)
			AwakeInstancesAfterBackupRestoration (8ms)
Platform modules already initialized, skipping
Refreshing native plugins compatible for Editor in 0.62 ms, found 3 plugins.
Preloading 0 native plugins for Editor in 0.00 ms.
Unloading 2274 Unused Serialized files (Serialized files now loaded: 0)
System memory in use before: 102.1 MB.
System memory in use after: 102.3 MB.

Unloading 15 unused Assets to reduce memory usage. Loaded Objects now: 2754.
Total: 3.400200 ms (FindLiveObjects: 0.199000 ms CreateObjectMapping: 0.084900 ms MarkObjects: 3.095300 ms  DeleteObjects: 0.020100 ms)

AssetImportParameters requested are different than current active one (requested -> active):
  custom:framework-win-MediaFoundation: 216162199b28c13a410421893ffa2e32 -> 
  custom:video-decoder-ogg-theora: a1e56fd34408186e4bbccfd4996cb3dc -> 
  custom:container-muxer-webm: aa71ff27fc2769a1b78a27578f13a17b -> 
  custom:container-demuxer-webm: 4f35f7cbe854078d1ac9338744f61a02 -> 
  custom:container-demuxer-ogg: 62fdf1f143b41e24485cea50d1cbac27 -> 
  custom:video-encoder-webm-vp8: eb34c28f22e8b96e1ab97ce403110664 -> 
  custom:video-decoder-webm-vp8: 9c59270c3fd7afecdb556c50c9e8de78 -> 
  custom:audio-decoder-ogg-vorbis: bf7c407c2cedff20999df2af8eb42d56 -> 
  custom:audio-encoder-webm-vorbis: bf7c407c2cedff20999df2af8eb42d56 -> 
========================================================================
Received Prepare
Registering precompiled user dll's ...
Registered in 0.008078 seconds.
Begin MonoManager ReloadAssembly
Symbol file data-000001F1F24B19F0 doesn't match image D:\HANjfklasjdslk\Github\Platfomer_Game\PLatformerGame\Library\ScriptAssemblies\Unity.2D.Animation.Editor.dll
Symbol file LoadedFromMemory is not a mono symbol file
Symbol file data-000001F1F88DA430 doesn't match image D:\HANjfklasjdslk\Github\Platfomer_Game\PLatformerGame\Library\ScriptAssemblies\Unity.InternalAPIEngineBridge.001.dll
Symbol file LoadedFromMemory is not a mono symbol file
Symbol file data-000001F1F2794D50 doesn't match image D:\HANjfklasjdslk\Github\Platfomer_Game\PLatformerGame\Library\ScriptAssemblies\Unity.VSCode.Editor.dll
Symbol file LoadedFromMemory is not a mono symbol file
Symbol file data-000001F1FA4C0A90 doesn't match image D:\HANjfklasjdslk\Github\Platfomer_Game\PLatformerGame\Library\ScriptAssemblies\Unity.2D.PixelPerfect.dll
Symbol file LoadedFromMemory is not a mono symbol file
Symbol file data-000001F1F8CC7020 doesn't match image D:\HANjfklasjdslk\Github\Platfomer_Game\PLatformerGame\Library\ScriptAssemblies\Unity.2D.Tilemap.Editor.dll
Symbol file LoadedFromMemory is not a mono symbol file
Symbol file data-000001F1F68C1010 doesn't match image D:\HANjfklasjdslk\Github\Platfomer_Game\PLatformerGame\Library\ScriptAssemblies\PsdPlugin.dll
Symbol file LoadedFromMemory is not a mono symbol file
Symbol file data-000001F21D9E8020 doesn't match image D:\HANjfklasjdslk\Github\Platfomer_Game\PLatformerGame\Library\ScriptAssemblies\Unity.TextMeshPro.Editor.dll
Symbol file LoadedFromMemory is not a mono symbol file
Symbol file data-000001F1F6AB5020 doesn't match image D:\HANjfklasjdslk\Github\Platfomer_Game\PLatformerGame\Library\ScriptAssemblies\Unity.VisualStudio.Editor.dll
Symbol file LoadedFromMemory is not a mono symbol file
Symbol file data-000001F1FC56E010 doesn't match image D:\HANjfklasjdslk\Github\Platfomer_Game\PLatformerGame\Library\ScriptAssemblies\UnityEngine.TestRunner.dll
Symbol file LoadedFromMemory is not a mono symbol file
Symbol file data-000001F1F8CC7020 doesn't match image D:\HANjfklasjdslk\Github\Platfomer_Game\PLatformerGame\Library\ScriptAssemblies\Unity.Timeline.dll
Symbol file LoadedFromMemory is not a mono symbol file
Symbol file data-000001F1F6E84010 doesn't match image D:\HANjfklasjdslk\Github\Platfomer_Game\PLatformerGame\Library\ScriptAssemblies\Unity.TextMeshPro.dll
Symbol file LoadedFromMemory is not a mono symbol file
Symbol file data-000001F1FC359EE0 doesn't match image D:\HANjfklasjdslk\Github\Platfomer_Game\PLatformerGame\Library\ScriptAssemblies\UnityEditor.TestRunner.dll
Symbol file LoadedFromMemory is not a mono symbol file
Symbol file data-000001F1F2794D50 doesn't match image D:\HANjfklasjdslk\Github\Platfomer_Game\PLatformerGame\Library\ScriptAssemblies\Unity.2D.IK.Editor.dll
Symbol file LoadedFromMemory is not a mono symbol file
Symbol file data-000001F1FC97A040 doesn't match image D:\HANjfklasjdslk\Github\Platfomer_Game\PLatformerGame\Library\ScriptAssemblies\Unity.2D.Sprite.Editor.dll
Symbol file LoadedFromMemory is not a mono symbol file
Symbol file data-000001F1F6AB5020 doesn't match image D:\HANjfklasjdslk\Github\Platfomer_Game\PLatformerGame\Library\ScriptAssemblies\Unity.2D.Psdimporter.Editor.dll
Symbol file LoadedFromMemory is not a mono symbol file
Symbol file data-000001F1FB82E960 doesn't match image D:\HANjfklasjdslk\Github\Platfomer_Game\PLatformerGame\Library\ScriptAssemblies\Unity.2D.Path.Editor.dll
Symbol file LoadedFromMemory is not a mono symbol file
Symbol file data-000001F1FC52B040 doesn't match image D:\HANjfklasjdslk\Github\Platfomer_Game\PLatformerGame\Library\ScriptAssemblies\Unity.InternalAPIEditorBridge.001.dll
Symbol file LoadedFromMemory is not a mono symbol file
Symbol file data-000001F1F6AB5020 doesn't match image D:\HANjfklasjdslk\Github\Platfomer_Game\PLatformerGame\Library\ScriptAssemblies\UnityEditor.UI.dll
Symbol file LoadedFromMemory is not a mono symbol file
Symbol file data-000001F1F24B19F0 doesn't match image D:\HANjfklasjdslk\Github\Platfomer_Game\PLatformerGame\Library\ScriptAssemblies\Unity.PlasticSCM.Editor.dll
Symbol file LoadedFromMemory is not a mono symbol file
Symbol file data-000001F1F26C7010 doesn't match image D:\HANjfklasjdslk\Github\Platfomer_Game\PLatformerGame\Library\ScriptAssemblies\Unity.Rider.Editor.dll
Symbol file LoadedFromMemory is not a mono symbol file
Symbol file data-000001F21D8D0030 doesn't match image D:\HANjfklasjdslk\Github\Platfomer_Game\PLatformerGame\Library\ScriptAssemblies\UnityEngine.UI.dll
Symbol file LoadedFromMemory is not a mono symbol file
Symbol file data-000001F1F2636C40 doesn't match image D:\HANjfklasjdslk\Github\Platfomer_Game\PLatformerGame\Library\ScriptAssemblies\Unity.Mathematics.dll
Symbol file LoadedFromMemory is not a mono symbol file
Symbol file data-000001F1FB8B0440 doesn't match image D:\HANjfklasjdslk\Github\Platfomer_Game\PLatformerGame\Library\ScriptAssemblies\Unity.2D.IK.Runtime.dll
Symbol file LoadedFromMemory is not a mono symbol file
Symbol file data-000001F1FBFA84E0 doesn't match image D:\HANjfklasjdslk\Github\Platfomer_Game\PLatformerGame\Library\ScriptAssemblies\Cinemachine.dll
Symbol file LoadedFromMemory is not a mono symbol file
Symbol file data-000001F1FBF55200 doesn't match image D:\HANjfklasjdslk\Github\Platfomer_Game\PLatformerGame\Library\ScriptAssemblies\com.unity.cinemachine.editor.dll
Symbol file LoadedFromMemory is not a mono symbol file
Symbol file data-000001F1F2A1E030 doesn't match image D:\HANjfklasjdslk\Github\Platfomer_Game\PLatformerGame\Library\ScriptAssemblies\Unity.2D.Animation.Triangle.Runtime.dll
Symbol file LoadedFromMemory is not a mono symbol file
Symbol file data-000001F1FA3D5010 doesn't match image D:\HANjfklasjdslk\Github\Platfomer_Game\PLatformerGame\Library\ScriptAssemblies\Unity.2D.Animation.Runtime.dll
Symbol file LoadedFromMemory is not a mono symbol file
Symbol file data-000001F1FC280F90 doesn't match image D:\HANjfklasjdslk\Github\Platfomer_Game\PLatformerGame\Library\ScriptAssemblies\Unity.2D.PixelPerfect.Editor.dll
Symbol file LoadedFromMemory is not a mono symbol file
Symbol file data-000001F1FBFF1D20 doesn't match image D:\HANjfklasjdslk\Github\Platfomer_Game\PLatformerGame\Library\ScriptAssemblies\Unity.Timeline.Editor.dll
Symbol file LoadedFromMemory is not a mono symbol file
Symbol file data-000001F1FC56E010 doesn't match image D:\HANjfklasjdslk\Github\Platfomer_Game\PLatformerGame\Library\ScriptAssemblies\Unity.CollabProxy.Editor.dll
Symbol file LoadedFromMemory is not a mono symbol file
Symbol file data-000001F1FC357F30 doesn't match image D:\HANjfklasjdslk\Github\Platfomer_Game\PLatformerGame\Library\ScriptAssemblies\Unity.Mathematics.Editor.dll
Symbol file LoadedFromMemory is not a mono symbol file
Symbol file data-000001F1F843A400 doesn't match image D:\HANjfklasjdslk\Github\Platfomer_Game\PLatformerGame\Library\ScriptAssemblies\Unity.2D.Common.Runtime.dll
Symbol file LoadedFromMemory is not a mono symbol file
Symbol file data-000001F1F6AB5020 doesn't match image D:\HANjfklasjdslk\Github\Platfomer_Game\PLatformerGame\Library\ScriptAssemblies\Unity.2D.SpriteShape.Editor.dll
Symbol file LoadedFromMemory is not a mono symbol file
Symbol file data-000001F1FA2ECA30 doesn't match image D:\HANjfklasjdslk\Github\Platfomer_Game\PLatformerGame\Library\ScriptAssemblies\Unity.2D.Common.Editor.dll
Symbol file LoadedFromMemory is not a mono symbol file
Symbol file data-000001F1F8CC7020 doesn't match image D:\HANjfklasjdslk\Github\Platfomer_Game\PLatformerGame\Library\ScriptAssemblies\Unity.2D.SpriteShape.Runtime.dll
Symbol file LoadedFromMemory is not a mono symbol file
Native extension for WindowsStandalone target not found
Refreshing native plugins compatible for Editor in 1.05 ms, found 3 plugins.
Preloading 0 native plugins for Editor in 0.00 ms.
Mono: successfully reloaded assembly
- Completed reload, in  1.133 seconds
Domain Reload Profiling:
	ReloadAssembly (1133ms)
		BeginReloadAssembly (186ms)
			ExecutionOrderSort (0ms)
			DisableScriptedObjects (5ms)
			BackupInstance (0ms)
			ReleaseScriptingObjects (0ms)
			CreateAndSetChildDomain (32ms)
		EndReloadAssembly (869ms)
			LoadAssemblies (194ms)
			RebuildTransferFunctionScriptingTraits (0ms)
			SetupTypeCache (273ms)
			ReleaseScriptCaches (1ms)
			RebuildScriptCaches (40ms)
			SetupLoadedEditorAssemblies (326ms)
				LogAssemblyErrors (0ms)
				InitializePlatformSupportModulesInManaged (5ms)
				SetLoadedEditorAssemblies (1ms)
				RefreshPlugins (1ms)
				BeforeProcessingInitializeOnLoad (105ms)
				ProcessInitializeOnLoadAttributes (193ms)
				ProcessInitializeOnLoadMethodAttributes (7ms)
				AfterProcessingInitializeOnLoad (15ms)
				EditorAssembliesLoaded (0ms)
			ExecutionOrderSort2 (0ms)
			AwakeInstancesAfterBackupRestoration (8ms)
Platform modules already initialized, skipping
Refreshing native plugins compatible for Editor in 0.62 ms, found 3 plugins.
Preloading 0 native plugins for Editor in 0.00 ms.
Unloading 2274 Unused Serialized files (Serialized files now loaded: 0)
System memory in use before: 102.2 MB.
System memory in use after: 102.4 MB.

Unloading 15 unused Assets to reduce memory usage. Loaded Objects now: 2757.
Total: 3.292100 ms (FindLiveObjects: 0.197100 ms CreateObjectMapping: 0.089800 ms MarkObjects: 2.987400 ms  DeleteObjects: 0.017000 ms)

AssetImportParameters requested are different than current active one (requested -> active):
  custom:framework-win-MediaFoundation: 216162199b28c13a410421893ffa2e32 -> 
  custom:video-decoder-ogg-theora: a1e56fd34408186e4bbccfd4996cb3dc -> 
  custom:container-muxer-webm: aa71ff27fc2769a1b78a27578f13a17b -> 
  custom:container-demuxer-webm: 4f35f7cbe854078d1ac9338744f61a02 -> 
  custom:container-demuxer-ogg: 62fdf1f143b41e24485cea50d1cbac27 -> 
  custom:video-encoder-webm-vp8: eb34c28f22e8b96e1ab97ce403110664 -> 
  custom:video-decoder-webm-vp8: 9c59270c3fd7afecdb556c50c9e8de78 -> 
  custom:audio-decoder-ogg-vorbis: bf7c407c2cedff20999df2af8eb42d56 -> 
  custom:audio-encoder-webm-vorbis: bf7c407c2cedff20999df2af8eb42d56 -> 
========================================================================
Received Import Request.
  Time since last request: 115.797387 seconds.
  path: Assets/Scenes/Menu.unity
  artifactKey: Guid(ad98d9169a0fadb4f9d27a9639a8146e) Importer(815301076,1909f56bfc062723c751e8b465ee728b)
Start importing Assets/Scenes/Menu.unity using Guid(ad98d9169a0fadb4f9d27a9639a8146e) Importer(815301076,1909f56bfc062723c751e8b465ee728b)  -> (artifact id: '2f80a4e0d5222640305b3f7be40993d2') in 0.020203 seconds 
  Import took 0.024127 seconds .

========================================================================
Received Prepare
Registering precompiled user dll's ...
Registered in 0.008267 seconds.
Begin MonoManager ReloadAssembly
Symbol file data-000001F1FCA6A010 doesn't match image D:\HANjfklasjdslk\Github\Platfomer_Game\PLatformerGame\Library\ScriptAssemblies\Unity.2D.Animation.Editor.dll
Symbol file LoadedFromMemory is not a mono symbol file
Symbol file data-000001F1F88DB650 doesn't match image D:\HANjfklasjdslk\Github\Platfomer_Game\PLatformerGame\Library\ScriptAssemblies\Unity.InternalAPIEngineBridge.001.dll
Symbol file LoadedFromMemory is not a mono symbol file
Symbol file data-000001F1F2682FE0 doesn't match image D:\HANjfklasjdslk\Github\Platfomer_Game\PLatformerGame\Library\ScriptAssemblies\Unity.VSCode.Editor.dll
Symbol file LoadedFromMemory is not a mono symbol file
Symbol file data-000001F1FA4C4BE0 doesn't match image D:\HANjfklasjdslk\Github\Platfomer_Game\PLatformerGame\Library\ScriptAssemblies\Unity.2D.PixelPerfect.dll
Symbol file LoadedFromMemory is not a mono symbol file
Symbol file data-000001F1FB9C6930 doesn't match image D:\HANjfklasjdslk\Github\Platfomer_Game\PLatformerGame\Library\ScriptAssemblies\Unity.2D.Tilemap.Editor.dll
Symbol file LoadedFromMemory is not a mono symbol file
Symbol file data-000001F1FA616010 doesn't match image D:\HANjfklasjdslk\Github\Platfomer_Game\PLatformerGame\Library\ScriptAssemblies\PsdPlugin.dll
Symbol file LoadedFromMemory is not a mono symbol file
Symbol file data-000001F21D9E8020 doesn't match image D:\HANjfklasjdslk\Github\Platfomer_Game\PLatformerGame\Library\ScriptAssemblies\Unity.TextMeshPro.Editor.dll
Symbol file LoadedFromMemory is not a mono symbol file
Symbol file data-000001F1FB553540 doesn't match image D:\HANjfklasjdslk\Github\Platfomer_Game\PLatformerGame\Library\ScriptAssemblies\Unity.VisualStudio.Editor.dll
Symbol file LoadedFromMemory is not a mono symbol file
Symbol file data-000001F1FC405CF0 doesn't match image D:\HANjfklasjdslk\Github\Platfomer_Game\PLatformerGame\Library\ScriptAssemblies\UnityEngine.TestRunner.dll
Symbol file LoadedFromMemory is not a mono symbol file
Symbol file data-000001F1FBAB9300 doesn't match image D:\HANjfklasjdslk\Github\Platfomer_Game\PLatformerGame\Library\ScriptAssemblies\Unity.Timeline.dll
Symbol file LoadedFromMemory is not a mono symbol file
Symbol file data-000001F1F6E84010 doesn't match image D:\HANjfklasjdslk\Github\Platfomer_Game\PLatformerGame\Library\ScriptAssemblies\Unity.TextMeshPro.dll
Symbol file LoadedFromMemory is not a mono symbol file
Symbol file data-000001F1FC1BF010 doesn't match image D:\HANjfklasjdslk\Github\Platfomer_Game\PLatformerGame\Library\ScriptAssemblies\UnityEditor.TestRunner.dll
Symbol file LoadedFromMemory is not a mono symbol file
Symbol file data-000001F1F8AB8430 doesn't match image D:\HANjfklasjdslk\Github\Platfomer_Game\PLatformerGame\Library\ScriptAssemblies\Unity.2D.IK.Editor.dll
Symbol file LoadedFromMemory is not a mono symbol file
Symbol file data-000001F1FC97A040 doesn't match image D:\HANjfklasjdslk\Github\Platfomer_Game\PLatformerGame\Library\ScriptAssemblies\Unity.2D.Sprite.Editor.dll
Symbol file LoadedFromMemory is not a mono symbol file
Symbol file data-000001F1FB553540 doesn't match image D:\HANjfklasjdslk\Github\Platfomer_Game\PLatformerGame\Library\ScriptAssemblies\Unity.2D.Psdimporter.Editor.dll
Symbol file LoadedFromMemory is not a mono symbol file
Symbol file data-000001F1FB82E960 doesn't match image D:\HANjfklasjdslk\Github\Platfomer_Game\PLatformerGame\Library\ScriptAssemblies\Unity.2D.Path.Editor.dll
Symbol file LoadedFromMemory is not a mono symbol file
Symbol file data-000001F21D62D040 doesn't match image D:\HANjfklasjdslk\Github\Platfomer_Game\PLatformerGame\Library\ScriptAssemblies\Unity.InternalAPIEditorBridge.001.dll
Symbol file LoadedFromMemory is not a mono symbol file
Symbol file data-000001F1F8CA06E0 doesn't match image D:\HANjfklasjdslk\Github\Platfomer_Game\PLatformerGame\Library\ScriptAssemblies\UnityEditor.UI.dll
Symbol file LoadedFromMemory is not a mono symbol file
Symbol file data-000001F1FB8E6760 doesn't match image D:\HANjfklasjdslk\Github\Platfomer_Game\PLatformerGame\Library\ScriptAssemblies\Unity.PlasticSCM.Editor.dll
Symbol file LoadedFromMemory is not a mono symbol file
Symbol file data-000001F1F8153010 doesn't match image D:\HANjfklasjdslk\Github\Platfomer_Game\PLatformerGame\Library\ScriptAssemblies\Unity.Rider.Editor.dll
Symbol file LoadedFromMemory is not a mono symbol file
Symbol file data-000001F21D8D0030 doesn't match image D:\HANjfklasjdslk\Github\Platfomer_Game\PLatformerGame\Library\ScriptAssemblies\UnityEngine.UI.dll
Symbol file LoadedFromMemory is not a mono symbol file
Symbol file data-000001F1F2636C40 doesn't match image D:\HANjfklasjdslk\Github\Platfomer_Game\PLatformerGame\Library\ScriptAssemblies\Unity.Mathematics.dll
Symbol file LoadedFromMemory is not a mono symbol file
Symbol file data-000001F1FAD34010 doesn't match image D:\HANjfklasjdslk\Github\Platfomer_Game\PLatformerGame\Library\ScriptAssemblies\Unity.2D.IK.Runtime.dll
Symbol file LoadedFromMemory is not a mono symbol file
Symbol file data-000001F1F7565020 doesn't match image D:\HANjfklasjdslk\Github\Platfomer_Game\PLatformerGame\Library\ScriptAssemblies\Cinemachine.dll
Symbol file LoadedFromMemory is not a mono symbol file
Symbol file data-000001F1FBF55200 doesn't match image D:\HANjfklasjdslk\Github\Platfomer_Game\PLatformerGame\Library\ScriptAssemblies\com.unity.cinemachine.editor.dll
Symbol file LoadedFromMemory is not a mono symbol file
Symbol file data-000001F1FB1C1010 doesn't match image D:\HANjfklasjdslk\Github\Platfomer_Game\PLatformerGame\Library\ScriptAssemblies\Unity.2D.Animation.Triangle.Runtime.dll
Symbol file LoadedFromMemory is not a mono symbol file
Symbol file data-000001F1F6D64010 doesn't match image D:\HANjfklasjdslk\Github\Platfomer_Game\PLatformerGame\Library\ScriptAssemblies\Unity.2D.Animation.Runtime.dll
Symbol file LoadedFromMemory is not a mono symbol file
Symbol file data-000001F1FB3E2D40 doesn't match image D:\HANjfklasjdslk\Github\Platfomer_Game\PLatformerGame\Library\ScriptAssemblies\Unity.2D.PixelPerfect.Editor.dll
Symbol file LoadedFromMemory is not a mono symbol file
Symbol file data-000001F1FBFF1D20 doesn't match image D:\HANjfklasjdslk\Github\Platfomer_Game\PLatformerGame\Library\ScriptAssemblies\Unity.Timeline.Editor.dll
Symbol file LoadedFromMemory is not a mono symbol file
Symbol file data-000001F1FC2F0FE0 doesn't match image D:\HANjfklasjdslk\Github\Platfomer_Game\PLatformerGame\Library\ScriptAssemblies\Unity.CollabProxy.Editor.dll
Symbol file LoadedFromMemory is not a mono symbol file
Symbol file data-000001F1FB463640 doesn't match image D:\HANjfklasjdslk\Github\Platfomer_Game\PLatformerGame\Library\ScriptAssemblies\Unity.Mathematics.Editor.dll
Symbol file LoadedFromMemory is not a mono symbol file
Symbol file data-000001F1F843A7A0 doesn't match image D:\HANjfklasjdslk\Github\Platfomer_Game\PLatformerGame\Library\ScriptAssemblies\Unity.2D.Common.Runtime.dll
Symbol file LoadedFromMemory is not a mono symbol file
Symbol file data-000001F1FB3D5010 doesn't match image D:\HANjfklasjdslk\Github\Platfomer_Game\PLatformerGame\Library\ScriptAssemblies\Unity.2D.SpriteShape.Editor.dll
Symbol file LoadedFromMemory is not a mono symbol file
Symbol file data-000001F1F2682FE0 doesn't match image D:\HANjfklasjdslk\Github\Platfomer_Game\PLatformerGame\Library\ScriptAssemblies\Unity.2D.Common.Editor.dll
Symbol file LoadedFromMemory is not a mono symbol file
Symbol file data-000001F1FBAB9300 doesn't match image D:\HANjfklasjdslk\Github\Platfomer_Game\PLatformerGame\Library\ScriptAssemblies\Unity.2D.SpriteShape.Runtime.dll
Symbol file LoadedFromMemory is not a mono symbol file
Native extension for WindowsStandalone target not found
Refreshing native plugins compatible for Editor in 0.77 ms, found 3 plugins.
Preloading 0 native plugins for Editor in 0.00 ms.
Mono: successfully reloaded assembly
- Completed reload, in  1.125 seconds
Domain Reload Profiling:
	ReloadAssembly (1125ms)
		BeginReloadAssembly (194ms)
			ExecutionOrderSort (0ms)
			DisableScriptedObjects (5ms)
			BackupInstance (0ms)
			ReleaseScriptingObjects (0ms)
			CreateAndSetChildDomain (38ms)
		EndReloadAssembly (854ms)
			LoadAssemblies (185ms)
			RebuildTransferFunctionScriptingTraits (0ms)
			SetupTypeCache (277ms)
			ReleaseScriptCaches (1ms)
			RebuildScriptCaches (42ms)
			SetupLoadedEditorAssemblies (314ms)
				LogAssemblyErrors (0ms)
				InitializePlatformSupportModulesInManaged (5ms)
				SetLoadedEditorAssemblies (1ms)
				RefreshPlugins (1ms)
				BeforeProcessingInitializeOnLoad (99ms)
				ProcessInitializeOnLoadAttributes (188ms)
				ProcessInitializeOnLoadMethodAttributes (6ms)
				AfterProcessingInitializeOnLoad (15ms)
				EditorAssembliesLoaded (0ms)
			ExecutionOrderSort2 (0ms)
			AwakeInstancesAfterBackupRestoration (9ms)
Platform modules already initialized, skipping
Refreshing native plugins compatible for Editor in 0.62 ms, found 3 plugins.
Preloading 0 native plugins for Editor in 0.00 ms.
Unloading 2274 Unused Serialized files (Serialized files now loaded: 0)
System memory in use before: 102.2 MB.
System memory in use after: 102.4 MB.

Unloading 15 unused Assets to reduce memory usage. Loaded Objects now: 2760.
Total: 2.969200 ms (FindLiveObjects: 0.235400 ms CreateObjectMapping: 0.097600 ms MarkObjects: 2.621100 ms  DeleteObjects: 0.014300 ms)

AssetImportParameters requested are different than current active one (requested -> active):
  custom:framework-win-MediaFoundation: 216162199b28c13a410421893ffa2e32 -> 
  custom:video-decoder-ogg-theora: a1e56fd34408186e4bbccfd4996cb3dc -> 
  custom:container-muxer-webm: aa71ff27fc2769a1b78a27578f13a17b -> 
  custom:container-demuxer-webm: 4f35f7cbe854078d1ac9338744f61a02 -> 
  custom:container-demuxer-ogg: 62fdf1f143b41e24485cea50d1cbac27 -> 
  custom:video-encoder-webm-vp8: eb34c28f22e8b96e1ab97ce403110664 -> 
  custom:video-decoder-webm-vp8: 9c59270c3fd7afecdb556c50c9e8de78 -> 
  custom:audio-decoder-ogg-vorbis: bf7c407c2cedff20999df2af8eb42d56 -> 
  custom:audio-encoder-webm-vorbis: bf7c407c2cedff20999df2af8eb42d56 -> 
========================================================================
Received Import Request.
  Time since last request: 19.972097 seconds.
  path: Assets/Scenes/Tutorial.unity
  artifactKey: Guid(2cda990e2423bbf4892e6590ba056729) Importer(815301076,1909f56bfc062723c751e8b465ee728b)
Start importing Assets/Scenes/Tutorial.unity using Guid(2cda990e2423bbf4892e6590ba056729) Importer(815301076,1909f56bfc062723c751e8b465ee728b)  -> (artifact id: 'f6c73a5fbde872dd7e76368a298e5eef') in 0.015725 seconds 
  Import took 0.019138 seconds .

========================================================================
Received Prepare
Registering precompiled user dll's ...
Registered in 0.007941 seconds.
Begin MonoManager ReloadAssembly
Symbol file data-000001F1FCA6A010 doesn't match image D:\HANjfklasjdslk\Github\Platfomer_Game\PLatformerGame\Library\ScriptAssemblies\Unity.2D.Animation.Editor.dll
Symbol file LoadedFromMemory is not a mono symbol file
Symbol file data-000001F1F88DA7D0 doesn't match image D:\HANjfklasjdslk\Github\Platfomer_Game\PLatformerGame\Library\ScriptAssemblies\Unity.InternalAPIEngineBridge.001.dll
Symbol file LoadedFromMemory is not a mono symbol file
Symbol file data-000001F1F2682FE0 doesn't match image D:\HANjfklasjdslk\Github\Platfomer_Game\PLatformerGame\Library\ScriptAssemblies\Unity.VSCode.Editor.dll
Symbol file LoadedFromMemory is not a mono symbol file
Symbol file data-000001F1FA4BF070 doesn't match image D:\HANjfklasjdslk\Github\Platfomer_Game\PLatformerGame\Library\ScriptAssemblies\Unity.2D.PixelPerfect.dll
Symbol file LoadedFromMemory is not a mono symbol file
Symbol file data-000001F1FB9C6930 doesn't match image D:\HANjfklasjdslk\Github\Platfomer_Game\PLatformerGame\Library\ScriptAssemblies\Unity.2D.Tilemap.Editor.dll
Symbol file LoadedFromMemory is not a mono symbol file
Symbol file data-000001F1FA616010 doesn't match image D:\HANjfklasjdslk\Github\Platfomer_Game\PLatformerGame\Library\ScriptAssemblies\PsdPlugin.dll
Symbol file LoadedFromMemory is not a mono symbol file
Symbol file data-000001F1FBF84A70 doesn't match image D:\HANjfklasjdslk\Github\Platfomer_Game\PLatformerGame\Library\ScriptAssemblies\Unity.TextMeshPro.Editor.dll
Symbol file LoadedFromMemory is not a mono symbol file
Symbol file data-000001F1FB553540 doesn't match image D:\HANjfklasjdslk\Github\Platfomer_Game\PLatformerGame\Library\ScriptAssemblies\Unity.VisualStudio.Editor.dll
Symbol file LoadedFromMemory is not a mono symbol file
Symbol file data-000001F1FC4BCC60 doesn't match image D:\HANjfklasjdslk\Github\Platfomer_Game\PLatformerGame\Library\ScriptAssemblies\UnityEngine.TestRunner.dll
Symbol file LoadedFromMemory is not a mono symbol file
Symbol file data-000001F1FB9C6930 doesn't match image D:\HANjfklasjdslk\Github\Platfomer_Game\PLatformerGame\Library\ScriptAssemblies\Unity.Timeline.dll
Symbol file LoadedFromMemory is not a mono symbol file
Symbol file data-000001F1F6E84010 doesn't match image D:\HANjfklasjdslk\Github\Platfomer_Game\PLatformerGame\Library\ScriptAssemblies\Unity.TextMeshPro.dll
Symbol file LoadedFromMemory is not a mono symbol file
Symbol file data-000001F1FC1BF010 doesn't match image D:\HANjfklasjdslk\Github\Platfomer_Game\PLatformerGame\Library\ScriptAssemblies\UnityEditor.TestRunner.dll
Symbol file LoadedFromMemory is not a mono symbol file
Symbol file data-000001F1F2682FE0 doesn't match image D:\HANjfklasjdslk\Github\Platfomer_Game\PLatformerGame\Library\ScriptAssemblies\Unity.2D.IK.Editor.dll
Symbol file LoadedFromMemory is not a mono symbol file
Symbol file data-000001F1FC97A040 doesn't match image D:\HANjfklasjdslk\Github\Platfomer_Game\PLatformerGame\Library\ScriptAssemblies\Unity.2D.Sprite.Editor.dll
Symbol file LoadedFromMemory is not a mono symbol file
Symbol file data-000001F1FB553540 doesn't match image D:\HANjfklasjdslk\Github\Platfomer_Game\PLatformerGame\Library\ScriptAssemblies\Unity.2D.Psdimporter.Editor.dll
Symbol file LoadedFromMemory is not a mono symbol file
Symbol file data-000001F1F2788D10 doesn't match image D:\HANjfklasjdslk\Github\Platfomer_Game\PLatformerGame\Library\ScriptAssemblies\Unity.2D.Path.Editor.dll
Symbol file LoadedFromMemory is not a mono symbol file
Symbol file data-000001F1FC23A520 doesn't match image D:\HANjfklasjdslk\Github\Platfomer_Game\PLatformerGame\Library\ScriptAssemblies\Unity.InternalAPIEditorBridge.001.dll
Symbol file LoadedFromMemory is not a mono symbol file
Symbol file data-000001F1F8CA06E0 doesn't match image D:\HANjfklasjdslk\Github\Platfomer_Game\PLatformerGame\Library\ScriptAssemblies\UnityEditor.UI.dll
Symbol file LoadedFromMemory is not a mono symbol file
Symbol file data-000001F1FA254060 doesn't match image D:\HANjfklasjdslk\Github\Platfomer_Game\PLatformerGame\Library\ScriptAssemblies\Unity.PlasticSCM.Editor.dll
Symbol file LoadedFromMemory is not a mono symbol file
Symbol file data-000001F1F26C7010 doesn't match image D:\HANjfklasjdslk\Github\Platfomer_Game\PLatformerGame\Library\ScriptAssemblies\Unity.Rider.Editor.dll
Symbol file LoadedFromMemory is not a mono symbol file
Symbol file data-000001F21D8D0030 doesn't match image D:\HANjfklasjdslk\Github\Platfomer_Game\PLatformerGame\Library\ScriptAssemblies\UnityEngine.UI.dll
Symbol file LoadedFromMemory is not a mono symbol file
Symbol file data-000001F1F2636C40 doesn't match image D:\HANjfklasjdslk\Github\Platfomer_Game\PLatformerGame\Library\ScriptAssemblies\Unity.Mathematics.dll
Symbol file LoadedFromMemory is not a mono symbol file
Symbol file data-000001F1FAD34010 doesn't match image D:\HANjfklasjdslk\Github\Platfomer_Game\PLatformerGame\Library\ScriptAssemblies\Unity.2D.IK.Runtime.dll
Symbol file LoadedFromMemory is not a mono symbol file
Symbol file data-000001F1F7565020 doesn't match image D:\HANjfklasjdslk\Github\Platfomer_Game\PLatformerGame\Library\ScriptAssemblies\Cinemachine.dll
Symbol file LoadedFromMemory is not a mono symbol file
Symbol file data-000001F1FBF55200 doesn't match image D:\HANjfklasjdslk\Github\Platfomer_Game\PLatformerGame\Library\ScriptAssemblies\com.unity.cinemachine.editor.dll
Symbol file LoadedFromMemory is not a mono symbol file
Symbol file data-000001F1FB1C1010 doesn't match image D:\HANjfklasjdslk\Github\Platfomer_Game\PLatformerGame\Library\ScriptAssemblies\Unity.2D.Animation.Triangle.Runtime.dll
Symbol file LoadedFromMemory is not a mono symbol file
Symbol file data-000001F1FA70BDC0 doesn't match image D:\HANjfklasjdslk\Github\Platfomer_Game\PLatformerGame\Library\ScriptAssemblies\Unity.2D.Animation.Runtime.dll
Symbol file LoadedFromMemory is not a mono symbol file
Symbol file data-000001F1F9D896C0 doesn't match image D:\HANjfklasjdslk\Github\Platfomer_Game\PLatformerGame\Library\ScriptAssemblies\Unity.2D.PixelPerfect.Editor.dll
Symbol file LoadedFromMemory is not a mono symbol file
Symbol file data-000001F1FBFF1D20 doesn't match image D:\HANjfklasjdslk\Github\Platfomer_Game\PLatformerGame\Library\ScriptAssemblies\Unity.Timeline.Editor.dll
Symbol file LoadedFromMemory is not a mono symbol file
Symbol file data-000001F1FC4BCC60 doesn't match image D:\HANjfklasjdslk\Github\Platfomer_Game\PLatformerGame\Library\ScriptAssemblies\Unity.CollabProxy.Editor.dll
Symbol file LoadedFromMemory is not a mono symbol file
Symbol file data-000001F1FCD31D80 doesn't match image D:\HANjfklasjdslk\Github\Platfomer_Game\PLatformerGame\Library\ScriptAssemblies\Unity.Mathematics.Editor.dll
Symbol file LoadedFromMemory is not a mono symbol file
Symbol file data-000001F1F843A060 doesn't match image D:\HANjfklasjdslk\Github\Platfomer_Game\PLatformerGame\Library\ScriptAssemblies\Unity.2D.Common.Runtime.dll
Symbol file LoadedFromMemory is not a mono symbol file
Symbol file data-000001F1FB3D5010 doesn't match image D:\HANjfklasjdslk\Github\Platfomer_Game\PLatformerGame\Library\ScriptAssemblies\Unity.2D.SpriteShape.Editor.dll
Symbol file LoadedFromMemory is not a mono symbol file
Symbol file data-000001F1F2682FE0 doesn't match image D:\HANjfklasjdslk\Github\Platfomer_Game\PLatformerGame\Library\ScriptAssemblies\Unity.2D.Common.Editor.dll
Symbol file LoadedFromMemory is not a mono symbol file
Symbol file data-000001F1FB9C6930 doesn't match image D:\HANjfklasjdslk\Github\Platfomer_Game\PLatformerGame\Library\ScriptAssemblies\Unity.2D.SpriteShape.Runtime.dll
Symbol file LoadedFromMemory is not a mono symbol file
Native extension for WindowsStandalone target not found
Refreshing native plugins compatible for Editor in 0.61 ms, found 3 plugins.
Preloading 0 native plugins for Editor in 0.00 ms.
Mono: successfully reloaded assembly
- Completed reload, in  1.115 seconds
Domain Reload Profiling:
	ReloadAssembly (1115ms)
		BeginReloadAssembly (203ms)
			ExecutionOrderSort (0ms)
			DisableScriptedObjects (5ms)
			BackupInstance (0ms)
			ReleaseScriptingObjects (0ms)
			CreateAndSetChildDomain (44ms)
		EndReloadAssembly (839ms)
			LoadAssemblies (194ms)
			RebuildTransferFunctionScriptingTraits (0ms)
			SetupTypeCache (267ms)
			ReleaseScriptCaches (1ms)
			RebuildScriptCaches (41ms)
			SetupLoadedEditorAssemblies (312ms)
				LogAssemblyErrors (0ms)
				InitializePlatformSupportModulesInManaged (5ms)
				SetLoadedEditorAssemblies (0ms)
				RefreshPlugins (1ms)
				BeforeProcessingInitializeOnLoad (100ms)
				ProcessInitializeOnLoadAttributes (185ms)
				ProcessInitializeOnLoadMethodAttributes (6ms)
				AfterProcessingInitializeOnLoad (15ms)
				EditorAssembliesLoaded (0ms)
			ExecutionOrderSort2 (0ms)
			AwakeInstancesAfterBackupRestoration (8ms)
Platform modules already initialized, skipping
Refreshing native plugins compatible for Editor in 0.61 ms, found 3 plugins.
Preloading 0 native plugins for Editor in 0.00 ms.
Unloading 2274 Unused Serialized files (Serialized files now loaded: 0)
System memory in use before: 102.2 MB.
System memory in use after: 102.5 MB.

Unloading 15 unused Assets to reduce memory usage. Loaded Objects now: 2763.
Total: 3.327800 ms (FindLiveObjects: 0.332100 ms CreateObjectMapping: 0.133600 ms MarkObjects: 2.844400 ms  DeleteObjects: 0.017000 ms)

AssetImportParameters requested are different than current active one (requested -> active):
  custom:framework-win-MediaFoundation: 216162199b28c13a410421893ffa2e32 -> 
  custom:video-decoder-ogg-theora: a1e56fd34408186e4bbccfd4996cb3dc -> 
  custom:container-muxer-webm: aa71ff27fc2769a1b78a27578f13a17b -> 
  custom:container-demuxer-webm: 4f35f7cbe854078d1ac9338744f61a02 -> 
  custom:container-demuxer-ogg: 62fdf1f143b41e24485cea50d1cbac27 -> 
  custom:video-encoder-webm-vp8: eb34c28f22e8b96e1ab97ce403110664 -> 
  custom:video-decoder-webm-vp8: 9c59270c3fd7afecdb556c50c9e8de78 -> 
  custom:audio-decoder-ogg-vorbis: bf7c407c2cedff20999df2af8eb42d56 -> 
  custom:audio-encoder-webm-vorbis: bf7c407c2cedff20999df2af8eb42d56 -> 
AssetImportWorkerClient::OnTransportError - code=2 error=End of file
